<?xml version="1.0" encoding="UTF-8"?>
<testng-results skipped="0" failed="15" ignored="0" total="37" passed="22">
  <reporter-output>
  </reporter-output>
  <suite name="BookmarkTabSuite" duration-ms="432364" started-at="2018-10-31T08:55:18Z" finished-at="2018-10-31T09:02:30Z">
    <groups>
    </groups>
    <test name="BookmarkTabTest" duration-ms="432364" started-at="2018-10-31T08:55:18Z" finished-at="2018-10-31T09:02:30Z">
      <class name="tests.TM_BookmarkTab">
        <test-method status="PASS" signature="setUp(org.testng.ITestContext)[pri:0, instance:tests.TM_BookmarkTab@29a60c27]" name="setUp" is-config="true" duration-ms="66517" started-at="2018-10-31T08:55:18Z" finished-at="2018-10-31T08:56:25Z">
          <params>
            <param index="0">
              <value>
                <![CDATA[org.testng.TestRunner@4e98ab73]]>
              </value>
            </param>
          </params>
          <reporter-output>
          </reporter-output>
        </test-method> <!-- setUp -->
        <test-method status="PASS" signature="BookMarkTCNo11()[pri:0, instance:tests.TM_BookmarkTab@29a60c27]" name="BookMarkTCNo11" duration-ms="36999" started-at="2018-10-31T08:56:25Z" finished-at="2018-10-31T08:57:02Z">
          <reporter-output>
          </reporter-output>
        </test-method> <!-- BookMarkTCNo11 -->
        <test-method status="PASS" signature="runAfterMethod(org.testng.ITestResult)[pri:0, instance:tests.TM_BookmarkTab@29a60c27]" name="runAfterMethod" is-config="true" duration-ms="4451" started-at="2018-10-31T08:57:02Z" finished-at="2018-10-31T08:57:06Z">
          <params>
            <param index="0">
              <value>
                <![CDATA[[TestResult name=BookMarkTCNo11 status=SUCCESS method=TM_BookmarkTab.BookMarkTCNo11()[pri:0, instance:tests.TM_BookmarkTab@29a60c27] output={null}]]]>
              </value>
            </param>
          </params>
          <reporter-output>
          </reporter-output>
        </test-method> <!-- runAfterMethod -->
        <test-method status="PASS" signature="BookMarkTCNo12()[pri:0, instance:tests.TM_BookmarkTab@29a60c27]" name="BookMarkTCNo12" duration-ms="55415" started-at="2018-10-31T08:57:06Z" finished-at="2018-10-31T08:58:02Z">
          <reporter-output>
          </reporter-output>
        </test-method> <!-- BookMarkTCNo12 -->
        <test-method status="PASS" signature="runAfterMethod(org.testng.ITestResult)[pri:0, instance:tests.TM_BookmarkTab@29a60c27]" name="runAfterMethod" is-config="true" duration-ms="15215" started-at="2018-10-31T08:58:02Z" finished-at="2018-10-31T08:58:17Z">
          <params>
            <param index="0">
              <value>
                <![CDATA[[TestResult name=BookMarkTCNo12 status=SUCCESS method=TM_BookmarkTab.BookMarkTCNo12()[pri:0, instance:tests.TM_BookmarkTab@29a60c27] output={null}]]]>
              </value>
            </param>
          </params>
          <reporter-output>
          </reporter-output>
        </test-method> <!-- runAfterMethod -->
        <test-method status="FAIL" signature="BookMarkTCNo14()[pri:0, instance:tests.TM_BookmarkTab@29a60c27]" name="BookMarkTCNo14" duration-ms="49751" started-at="2018-10-31T08:58:17Z" finished-at="2018-10-31T08:59:07Z">
          <exception class="java.lang.AssertionError">
            <message>
              <![CDATA[expected [true] but found [false]]]>
            </message>
            <full-stacktrace>
              <![CDATA[java.lang.AssertionError: expected [true] but found [false]
at org.testng.Assert.fail(Assert.java:96)
at org.testng.Assert.failNotEquals(Assert.java:776)
at org.testng.Assert.assertTrue(Assert.java:44)
at org.testng.Assert.assertTrue(Assert.java:54)
at pages.BookmarkTab.TestCaseNo14(BookmarkTab.java:128)
at tests.TM_BookmarkTab.BookMarkTCNo14(TM_BookmarkTab.java:29)
at sun.reflect.NativeMethodAccessorImpl.invoke0(Native Method)
at sun.reflect.NativeMethodAccessorImpl.invoke(NativeMethodAccessorImpl.java:62)
at sun.reflect.DelegatingMethodAccessorImpl.invoke(DelegatingMethodAccessorImpl.java:43)
at java.lang.reflect.Method.invoke(Method.java:498)
at org.testng.internal.MethodInvocationHelper.invokeMethod(MethodInvocationHelper.java:124)
at org.testng.internal.Invoker.invokeMethod(Invoker.java:583)
at org.testng.internal.Invoker.invokeTestMethod(Invoker.java:719)
at org.testng.internal.Invoker.invokeTestMethods(Invoker.java:989)
at org.testng.internal.TestMethodWorker.invokeTestMethods(TestMethodWorker.java:125)
at org.testng.internal.TestMethodWorker.run(TestMethodWorker.java:109)
at org.testng.TestRunner.privateRun(TestRunner.java:648)
at org.testng.TestRunner.run(TestRunner.java:505)
at org.testng.SuiteRunner.runTest(SuiteRunner.java:455)
at org.testng.SuiteRunner.runSequentially(SuiteRunner.java:450)
at org.testng.SuiteRunner.privateRun(SuiteRunner.java:415)
at org.testng.SuiteRunner.run(SuiteRunner.java:364)
at org.testng.SuiteRunnerWorker.runSuite(SuiteRunnerWorker.java:52)
at org.testng.SuiteRunnerWorker.run(SuiteRunnerWorker.java:84)
at org.testng.TestNG.runSuitesSequentially(TestNG.java:1208)
at org.testng.TestNG.runSuitesSequentially(TestNG.java:1204)
at org.testng.TestNG.runSuitesLocally(TestNG.java:1137)
at org.testng.TestNG.runSuites(TestNG.java:1049)
at org.testng.TestNG.run(TestNG.java:1017)
at org.apache.maven.surefire.testng.TestNGExecutor.run(TestNGExecutor.java:283)
at org.apache.maven.surefire.testng.TestNGXmlTestSuite.execute(TestNGXmlTestSuite.java:75)
at org.apache.maven.surefire.testng.TestNGProvider.invoke(TestNGProvider.java:120)
at org.apache.maven.surefire.booter.ForkedBooter.invokeProviderInSameClassLoader(ForkedBooter.java:386)
at org.apache.maven.surefire.booter.ForkedBooter.runSuitesInProcess(ForkedBooter.java:323)
at org.apache.maven.surefire.booter.ForkedBooter.main(ForkedBooter.java:143)
]]>
            </full-stacktrace>
          </exception> <!-- java.lang.AssertionError -->
          <reporter-output>
          </reporter-output>
        </test-method> <!-- BookMarkTCNo14 -->
        <test-method status="PASS" signature="runAfterMethod(org.testng.ITestResult)[pri:0, instance:tests.TM_BookmarkTab@29a60c27]" name="runAfterMethod" is-config="true" duration-ms="8696" started-at="2018-10-31T08:59:07Z" finished-at="2018-10-31T08:59:15Z">
          <params>
            <param index="0">
              <value>
                <![CDATA[[TestResult name=BookMarkTCNo14 status=FAILURE method=TM_BookmarkTab.BookMarkTCNo14()[pri:0, instance:tests.TM_BookmarkTab@29a60c27] output={null}]]]>
              </value>
            </param>
          </params>
          <reporter-output>
          </reporter-output>
        </test-method> <!-- runAfterMethod -->
        <test-method status="FAIL" signature="BookMarkTCNo16()[pri:0, instance:tests.TM_BookmarkTab@29a60c27]" name="BookMarkTCNo16" duration-ms="50607" started-at="2018-10-31T08:59:15Z" finished-at="2018-10-31T09:00:06Z">
          <exception class="org.openqa.selenium.NoSuchElementException">
            <message>
              <![CDATA[Can't locate an element by this strategy: By.chained({By.xpath: //android.support.v7.widget.RecyclerView//android.widget.TextView[@resource-id='com.ap.philly:id/bookmark_title']})]]>
            </message>
            <full-stacktrace>
              <![CDATA[org.openqa.selenium.NoSuchElementException: Can't locate an element by this strategy: By.chained({By.xpath: //android.support.v7.widget.RecyclerView//android.widget.TextView[@resource-id='com.ap.philly:id/bookmark_title']})
at io.appium.java_client.pagefactory.AppiumElementLocator.findElement(AppiumElementLocator.java:126)
at io.appium.java_client.pagefactory.interceptors.InterceptorOfASingleElement.intercept(InterceptorOfASingleElement.java:60)
at io.appium.java_client.android.AndroidElement$$EnhancerByCGLIB$$b598166c.click(<generated>)
at pages.BookmarkTab.TestCaseNo16(BookmarkTab.java:148)
at tests.TM_BookmarkTab.BookMarkTCNo16(TM_BookmarkTab.java:34)
at sun.reflect.NativeMethodAccessorImpl.invoke0(Native Method)
at sun.reflect.NativeMethodAccessorImpl.invoke(NativeMethodAccessorImpl.java:62)
at sun.reflect.DelegatingMethodAccessorImpl.invoke(DelegatingMethodAccessorImpl.java:43)
at java.lang.reflect.Method.invoke(Method.java:498)
at org.testng.internal.MethodInvocationHelper.invokeMethod(MethodInvocationHelper.java:124)
at org.testng.internal.Invoker.invokeMethod(Invoker.java:583)
at org.testng.internal.Invoker.invokeTestMethod(Invoker.java:719)
at org.testng.internal.Invoker.invokeTestMethods(Invoker.java:989)
at org.testng.internal.TestMethodWorker.invokeTestMethods(TestMethodWorker.java:125)
at org.testng.internal.TestMethodWorker.run(TestMethodWorker.java:109)
at org.testng.TestRunner.privateRun(TestRunner.java:648)
at org.testng.TestRunner.run(TestRunner.java:505)
at org.testng.SuiteRunner.runTest(SuiteRunner.java:455)
at org.testng.SuiteRunner.runSequentially(SuiteRunner.java:450)
at org.testng.SuiteRunner.privateRun(SuiteRunner.java:415)
at org.testng.SuiteRunner.run(SuiteRunner.java:364)
at org.testng.SuiteRunnerWorker.runSuite(SuiteRunnerWorker.java:52)
at org.testng.SuiteRunnerWorker.run(SuiteRunnerWorker.java:84)
at org.testng.TestNG.runSuitesSequentially(TestNG.java:1208)
at org.testng.TestNG.runSuitesSequentially(TestNG.java:1204)
at org.testng.TestNG.runSuitesLocally(TestNG.java:1137)
at org.testng.TestNG.runSuites(TestNG.java:1049)
at org.testng.TestNG.run(TestNG.java:1017)
at org.apache.maven.surefire.testng.TestNGExecutor.run(TestNGExecutor.java:283)
at org.apache.maven.surefire.testng.TestNGXmlTestSuite.execute(TestNGXmlTestSuite.java:75)
at org.apache.maven.surefire.testng.TestNGProvider.invoke(TestNGProvider.java:120)
at org.apache.maven.surefire.booter.ForkedBooter.invokeProviderInSameClassLoader(ForkedBooter.java:386)
at org.apache.maven.surefire.booter.ForkedBooter.runSuitesInProcess(ForkedBooter.java:323)
at org.apache.maven.surefire.booter.ForkedBooter.main(ForkedBooter.java:143)
Caused by: org.openqa.selenium.TimeoutException: Expected condition failed: waiting for io.appium.java_client.pagefactory.AppiumElementLocator$WaitingFunction@17df114c (tried for 1 second(s) with 500 milliseconds interval)
at org.openqa.selenium.support.ui.FluentWait.timeoutException(FluentWait.java:303)
at org.openqa.selenium.support.ui.FluentWait.until(FluentWait.java:271)
at io.appium.java_client.pagefactory.AppiumElementLocator.waitFor(AppiumElementLocator.java:99)
at io.appium.java_client.pagefactory.AppiumElementLocator.findElement(AppiumElementLocator.java:119)
... 33 more
Caused by: org.openqa.selenium.NoSuchElementException: Cannot locate an element using By.chained({By.xpath: //android.support.v7.widget.RecyclerView//android.widget.TextView[@resource-id='com.ap.philly:id/bookmark_title']})
For documentation on this error, please visit: http://seleniumhq.org/exceptions/no_such_element.html
Build info: version: '3.12.0', revision: '7c6e0b3', time: '2018-05-08T14:04:26.12Z'
System info: host: 'LAPTOP057', ip: '172.16.0.105', os.name: 'Windows 10', os.arch: 'amd64', os.version: '10.0', java.version: '1.8.0_131'
Driver info: driver.version: AndroidDriver
at io.appium.java_client.pagefactory.bys.builder.ByChained.findElement(ByChained.java:74)
at org.openqa.selenium.remote.RemoteWebDriver.findElement(RemoteWebDriver.java:309)
at io.appium.java_client.DefaultGenericMobileDriver.findElement(DefaultGenericMobileDriver.java:58)
at io.appium.java_client.AppiumDriver.findElement(AppiumDriver.java:1)
at io.appium.java_client.android.AndroidDriver.findElement(AndroidDriver.java:1)
at io.appium.java_client.pagefactory.bys.ContentMappedBy.findElement(ContentMappedBy.java:50)
at org.openqa.selenium.remote.RemoteWebDriver.findElement(RemoteWebDriver.java:309)
at io.appium.java_client.DefaultGenericMobileDriver.findElement(DefaultGenericMobileDriver.java:58)
at io.appium.java_client.AppiumDriver.findElement(AppiumDriver.java:1)
at io.appium.java_client.android.AndroidDriver.findElement(AndroidDriver.java:1)
at io.appium.java_client.pagefactory.AppiumElementLocator.lambda$0(AppiumElementLocator.java:120)
at io.appium.java_client.pagefactory.AppiumElementLocator$WaitingFunction.apply(AppiumElementLocator.java:172)
at io.appium.java_client.pagefactory.AppiumElementLocator$WaitingFunction.apply(AppiumElementLocator.java:1)
at org.openqa.selenium.support.ui.FluentWait.until(FluentWait.java:248)
... 35 more
]]>
            </full-stacktrace>
          </exception> <!-- org.openqa.selenium.NoSuchElementException -->
          <reporter-output>
          </reporter-output>
        </test-method> <!-- BookMarkTCNo16 -->
        <test-method status="PASS" signature="runAfterMethod(org.testng.ITestResult)[pri:0, instance:tests.TM_BookmarkTab@29a60c27]" name="runAfterMethod" is-config="true" duration-ms="9835" started-at="2018-10-31T09:00:06Z" finished-at="2018-10-31T09:00:16Z">
          <params>
            <param index="0">
              <value>
                <![CDATA[[TestResult name=BookMarkTCNo16 status=FAILURE method=TM_BookmarkTab.BookMarkTCNo16()[pri:0, instance:tests.TM_BookmarkTab@29a60c27] output={null}]]]>
              </value>
            </param>
          </params>
          <reporter-output>
          </reporter-output>
        </test-method> <!-- runAfterMethod -->
        <test-method status="FAIL" signature="BookMarkTCNo2()[pri:0, instance:tests.TM_BookmarkTab@29a60c27]" name="BookMarkTCNo2" duration-ms="51889" started-at="2018-10-31T09:00:16Z" finished-at="2018-10-31T09:01:08Z">
          <exception class="org.openqa.selenium.NoSuchElementException">
            <message>
              <![CDATA[Can't locate an element by this strategy: By.chained({By.xpath: //android.support.v7.widget.RecyclerView//android.widget.TextView[@resource-id='com.ap.philly:id/bookmark_title']})]]>
            </message>
            <full-stacktrace>
              <![CDATA[org.openqa.selenium.NoSuchElementException: Can't locate an element by this strategy: By.chained({By.xpath: //android.support.v7.widget.RecyclerView//android.widget.TextView[@resource-id='com.ap.philly:id/bookmark_title']})
at io.appium.java_client.pagefactory.AppiumElementLocator.findElement(AppiumElementLocator.java:126)
at io.appium.java_client.pagefactory.interceptors.InterceptorOfASingleElement.intercept(InterceptorOfASingleElement.java:60)
at io.appium.java_client.android.AndroidElement$$EnhancerByCGLIB$$b598166c.getText(<generated>)
at elements.BookMarkElements.getBookMarkTitle(BookMarkElements.java:75)
at elements.BookMarkElements.clickAndGetArticleTitle(BookMarkElements.java:81)
at pages.BookmarkTab.TestCaseNo2(BookmarkTab.java:44)
at tests.TM_BookmarkTab.BookMarkTCNo2(TM_BookmarkTab.java:9)
at sun.reflect.NativeMethodAccessorImpl.invoke0(Native Method)
at sun.reflect.NativeMethodAccessorImpl.invoke(NativeMethodAccessorImpl.java:62)
at sun.reflect.DelegatingMethodAccessorImpl.invoke(DelegatingMethodAccessorImpl.java:43)
at java.lang.reflect.Method.invoke(Method.java:498)
at org.testng.internal.MethodInvocationHelper.invokeMethod(MethodInvocationHelper.java:124)
at org.testng.internal.Invoker.invokeMethod(Invoker.java:583)
at org.testng.internal.Invoker.invokeTestMethod(Invoker.java:719)
at org.testng.internal.Invoker.invokeTestMethods(Invoker.java:989)
at org.testng.internal.TestMethodWorker.invokeTestMethods(TestMethodWorker.java:125)
at org.testng.internal.TestMethodWorker.run(TestMethodWorker.java:109)
at org.testng.TestRunner.privateRun(TestRunner.java:648)
at org.testng.TestRunner.run(TestRunner.java:505)
at org.testng.SuiteRunner.runTest(SuiteRunner.java:455)
at org.testng.SuiteRunner.runSequentially(SuiteRunner.java:450)
at org.testng.SuiteRunner.privateRun(SuiteRunner.java:415)
at org.testng.SuiteRunner.run(SuiteRunner.java:364)
at org.testng.SuiteRunnerWorker.runSuite(SuiteRunnerWorker.java:52)
at org.testng.SuiteRunnerWorker.run(SuiteRunnerWorker.java:84)
at org.testng.TestNG.runSuitesSequentially(TestNG.java:1208)
at org.testng.TestNG.runSuitesSequentially(TestNG.java:1204)
at org.testng.TestNG.runSuitesLocally(TestNG.java:1137)
at org.testng.TestNG.runSuites(TestNG.java:1049)
at org.testng.TestNG.run(TestNG.java:1017)
at org.apache.maven.surefire.testng.TestNGExecutor.run(TestNGExecutor.java:283)
at org.apache.maven.surefire.testng.TestNGXmlTestSuite.execute(TestNGXmlTestSuite.java:75)
at org.apache.maven.surefire.testng.TestNGProvider.invoke(TestNGProvider.java:120)
at org.apache.maven.surefire.booter.ForkedBooter.invokeProviderInSameClassLoader(ForkedBooter.java:386)
at org.apache.maven.surefire.booter.ForkedBooter.runSuitesInProcess(ForkedBooter.java:323)
at org.apache.maven.surefire.booter.ForkedBooter.main(ForkedBooter.java:143)
Caused by: org.openqa.selenium.TimeoutException: Expected condition failed: waiting for io.appium.java_client.pagefactory.AppiumElementLocator$WaitingFunction@6fd93c83 (tried for 1 second(s) with 500 milliseconds interval)
at org.openqa.selenium.support.ui.FluentWait.timeoutException(FluentWait.java:303)
at org.openqa.selenium.support.ui.FluentWait.until(FluentWait.java:271)
at io.appium.java_client.pagefactory.AppiumElementLocator.waitFor(AppiumElementLocator.java:99)
at io.appium.java_client.pagefactory.AppiumElementLocator.findElement(AppiumElementLocator.java:119)
... 35 more
Caused by: org.openqa.selenium.NoSuchElementException: Cannot locate an element using By.chained({By.xpath: //android.support.v7.widget.RecyclerView//android.widget.TextView[@resource-id='com.ap.philly:id/bookmark_title']})
For documentation on this error, please visit: http://seleniumhq.org/exceptions/no_such_element.html
Build info: version: '3.12.0', revision: '7c6e0b3', time: '2018-05-08T14:04:26.12Z'
System info: host: 'LAPTOP057', ip: '172.16.0.105', os.name: 'Windows 10', os.arch: 'amd64', os.version: '10.0', java.version: '1.8.0_131'
Driver info: driver.version: AndroidDriver
at io.appium.java_client.pagefactory.bys.builder.ByChained.findElement(ByChained.java:74)
at org.openqa.selenium.remote.RemoteWebDriver.findElement(RemoteWebDriver.java:309)
at io.appium.java_client.DefaultGenericMobileDriver.findElement(DefaultGenericMobileDriver.java:58)
at io.appium.java_client.AppiumDriver.findElement(AppiumDriver.java:1)
at io.appium.java_client.android.AndroidDriver.findElement(AndroidDriver.java:1)
at io.appium.java_client.pagefactory.bys.ContentMappedBy.findElement(ContentMappedBy.java:50)
at org.openqa.selenium.remote.RemoteWebDriver.findElement(RemoteWebDriver.java:309)
at io.appium.java_client.DefaultGenericMobileDriver.findElement(DefaultGenericMobileDriver.java:58)
at io.appium.java_client.AppiumDriver.findElement(AppiumDriver.java:1)
at io.appium.java_client.android.AndroidDriver.findElement(AndroidDriver.java:1)
at io.appium.java_client.pagefactory.AppiumElementLocator.lambda$0(AppiumElementLocator.java:120)
at io.appium.java_client.pagefactory.AppiumElementLocator$WaitingFunction.apply(AppiumElementLocator.java:172)
at io.appium.java_client.pagefactory.AppiumElementLocator$WaitingFunction.apply(AppiumElementLocator.java:1)
at org.openqa.selenium.support.ui.FluentWait.until(FluentWait.java:248)
... 37 more
]]>
            </full-stacktrace>
          </exception> <!-- org.openqa.selenium.NoSuchElementException -->
          <reporter-output>
          </reporter-output>
        </test-method> <!-- BookMarkTCNo2 -->
        <test-method status="PASS" signature="runAfterMethod(org.testng.ITestResult)[pri:0, instance:tests.TM_BookmarkTab@29a60c27]" name="runAfterMethod" is-config="true" duration-ms="8304" started-at="2018-10-31T09:01:08Z" finished-at="2018-10-31T09:01:16Z">
          <params>
            <param index="0">
              <value>
                <![CDATA[[TestResult name=BookMarkTCNo2 status=FAILURE method=TM_BookmarkTab.BookMarkTCNo2()[pri:0, instance:tests.TM_BookmarkTab@29a60c27] output={null}]]]>
              </value>
            </param>
          </params>
          <reporter-output>
          </reporter-output>
        </test-method> <!-- runAfterMethod -->
        <test-method status="PASS" signature="BookMarkTCNo3()[pri:0, instance:tests.TM_BookmarkTab@29a60c27]" name="BookMarkTCNo3" duration-ms="60061" started-at="2018-10-31T09:01:16Z" finished-at="2018-10-31T09:02:16Z">
          <reporter-output>
          </reporter-output>
        </test-method> <!-- BookMarkTCNo3 -->
        <test-method status="PASS" signature="runAfterMethod(org.testng.ITestResult)[pri:0, instance:tests.TM_BookmarkTab@29a60c27]" name="runAfterMethod" is-config="true" duration-ms="3602" started-at="2018-10-31T09:02:16Z" finished-at="2018-10-31T09:02:20Z">
          <params>
            <param index="0">
              <value>
                <![CDATA[[TestResult name=BookMarkTCNo3 status=SUCCESS method=TM_BookmarkTab.BookMarkTCNo3()[pri:0, instance:tests.TM_BookmarkTab@29a60c27] output={null}]]]>
              </value>
            </param>
          </params>
          <reporter-output>
          </reporter-output>
        </test-method> <!-- runAfterMethod -->
        <test-method status="PASS" signature="tearDown()[pri:0, instance:tests.TM_BookmarkTab@29a60c27]" name="tearDown" is-config="true" duration-ms="10900" started-at="2018-10-31T09:02:20Z" finished-at="2018-10-31T09:02:30Z">
          <reporter-output>
          </reporter-output>
        </test-method> <!-- tearDown -->
      </class> <!-- tests.TM_BookmarkTab -->
    </test> <!-- BookmarkTabTest -->
  </suite> <!-- BookmarkTabSuite -->
  <suite name="HomeTabSuite" duration-ms="167424" started-at="2018-10-31T08:47:20Z" finished-at="2018-10-31T08:50:07Z">
    <groups>
    </groups>
    <test name="HomeTabTest" duration-ms="167424" started-at="2018-10-31T08:47:20Z" finished-at="2018-10-31T08:50:07Z">
      <class name="tests.TM_HomeTab">
        <test-method status="PASS" signature="setUp(org.testng.ITestContext)[pri:0, instance:tests.TM_HomeTab@2d10e0b1]" name="setUp" is-config="true" duration-ms="66354" started-at="2018-10-31T08:47:20Z" finished-at="2018-10-31T08:48:26Z">
          <params>
            <param index="0">
              <value>
                <![CDATA[org.testng.TestRunner@7b5a673c]]>
              </value>
            </param>
          </params>
          <reporter-output>
          </reporter-output>
        </test-method> <!-- setUp -->
        <test-method status="PASS" signature="HomeTabTCNo2()[pri:0, instance:tests.TM_HomeTab@2d10e0b1]" name="HomeTabTCNo2" duration-ms="10557" started-at="2018-10-31T08:48:26Z" finished-at="2018-10-31T08:48:37Z">
          <reporter-output>
          </reporter-output>
        </test-method> <!-- HomeTabTCNo2 -->
        <test-method status="PASS" signature="runAfterMethod(org.testng.ITestResult)[pri:0, instance:tests.TM_HomeTab@2d10e0b1]" name="runAfterMethod" is-config="true" duration-ms="3427" started-at="2018-10-31T08:48:37Z" finished-at="2018-10-31T08:48:40Z">
          <params>
            <param index="0">
              <value>
                <![CDATA[[TestResult name=HomeTabTCNo2 status=SUCCESS method=TM_HomeTab.HomeTabTCNo2()[pri:0, instance:tests.TM_HomeTab@2d10e0b1] output={null}]]]>
              </value>
            </param>
          </params>
          <reporter-output>
          </reporter-output>
        </test-method> <!-- runAfterMethod -->
        <test-method status="PASS" signature="HomeTabTCNo6()[pri:0, instance:tests.TM_HomeTab@2d10e0b1]" name="HomeTabTCNo6" duration-ms="9246" started-at="2018-10-31T08:48:40Z" finished-at="2018-10-31T08:48:50Z">
          <reporter-output>
          </reporter-output>
        </test-method> <!-- HomeTabTCNo6 -->
        <test-method status="PASS" signature="runAfterMethod(org.testng.ITestResult)[pri:0, instance:tests.TM_HomeTab@2d10e0b1]" name="runAfterMethod" is-config="true" duration-ms="3482" started-at="2018-10-31T08:48:50Z" finished-at="2018-10-31T08:48:53Z">
          <params>
            <param index="0">
              <value>
                <![CDATA[[TestResult name=HomeTabTCNo6 status=SUCCESS method=TM_HomeTab.HomeTabTCNo6()[pri:0, instance:tests.TM_HomeTab@2d10e0b1] output={null}]]]>
              </value>
            </param>
          </params>
          <reporter-output>
          </reporter-output>
        </test-method> <!-- runAfterMethod -->
        <test-method status="FAIL" signature="HomeTabTCNo8()[pri:0, instance:tests.TM_HomeTab@2d10e0b1]" name="HomeTabTCNo8" duration-ms="42310" started-at="2018-10-31T08:48:53Z" finished-at="2018-10-31T08:49:35Z">
          <exception class="org.openqa.selenium.NoSuchElementException">
            <message>
              <![CDATA[Can't locate an element by this strategy: By.chained({By.xpath: //android.widget.EditText[contains(@resource-id,'subject')]})]]>
            </message>
            <full-stacktrace>
              <![CDATA[org.openqa.selenium.NoSuchElementException: Can't locate an element by this strategy: By.chained({By.xpath: //android.widget.EditText[contains(@resource-id,'subject')]})
at io.appium.java_client.pagefactory.AppiumElementLocator.findElement(AppiumElementLocator.java:126)
at io.appium.java_client.pagefactory.interceptors.InterceptorOfASingleElement.intercept(InterceptorOfASingleElement.java:60)
at io.appium.java_client.android.AndroidElement$$EnhancerByCGLIB$$b598166c.getText(<generated>)
at elements.CommonElements.getShareGmailTitle(CommonElements.java:141)
at pages.HomeTab.TestCaseNo8(HomeTab.java:59)
at tests.TM_HomeTab.HomeTabTCNo8(TM_HomeTab.java:18)
at sun.reflect.NativeMethodAccessorImpl.invoke0(Native Method)
at sun.reflect.NativeMethodAccessorImpl.invoke(NativeMethodAccessorImpl.java:62)
at sun.reflect.DelegatingMethodAccessorImpl.invoke(DelegatingMethodAccessorImpl.java:43)
at java.lang.reflect.Method.invoke(Method.java:498)
at org.testng.internal.MethodInvocationHelper.invokeMethod(MethodInvocationHelper.java:124)
at org.testng.internal.Invoker.invokeMethod(Invoker.java:583)
at org.testng.internal.Invoker.invokeTestMethod(Invoker.java:719)
at org.testng.internal.Invoker.invokeTestMethods(Invoker.java:989)
at org.testng.internal.TestMethodWorker.invokeTestMethods(TestMethodWorker.java:125)
at org.testng.internal.TestMethodWorker.run(TestMethodWorker.java:109)
at org.testng.TestRunner.privateRun(TestRunner.java:648)
at org.testng.TestRunner.run(TestRunner.java:505)
at org.testng.SuiteRunner.runTest(SuiteRunner.java:455)
at org.testng.SuiteRunner.runSequentially(SuiteRunner.java:450)
at org.testng.SuiteRunner.privateRun(SuiteRunner.java:415)
at org.testng.SuiteRunner.run(SuiteRunner.java:364)
at org.testng.SuiteRunnerWorker.runSuite(SuiteRunnerWorker.java:52)
at org.testng.SuiteRunnerWorker.run(SuiteRunnerWorker.java:84)
at org.testng.TestNG.runSuitesSequentially(TestNG.java:1208)
at org.testng.TestNG.runSuitesSequentially(TestNG.java:1204)
at org.testng.TestNG.runSuitesLocally(TestNG.java:1137)
at org.testng.TestNG.runSuites(TestNG.java:1049)
at org.testng.TestNG.run(TestNG.java:1017)
at org.apache.maven.surefire.testng.TestNGExecutor.run(TestNGExecutor.java:283)
at org.apache.maven.surefire.testng.TestNGXmlTestSuite.execute(TestNGXmlTestSuite.java:75)
at org.apache.maven.surefire.testng.TestNGProvider.invoke(TestNGProvider.java:120)
at org.apache.maven.surefire.booter.ForkedBooter.invokeProviderInSameClassLoader(ForkedBooter.java:386)
at org.apache.maven.surefire.booter.ForkedBooter.runSuitesInProcess(ForkedBooter.java:323)
at org.apache.maven.surefire.booter.ForkedBooter.main(ForkedBooter.java:143)
Caused by: org.openqa.selenium.TimeoutException: Expected condition failed: waiting for io.appium.java_client.pagefactory.AppiumElementLocator$WaitingFunction@486417fc (tried for 1 second(s) with 500 milliseconds interval)
at org.openqa.selenium.support.ui.FluentWait.timeoutException(FluentWait.java:303)
at org.openqa.selenium.support.ui.FluentWait.until(FluentWait.java:271)
at io.appium.java_client.pagefactory.AppiumElementLocator.waitFor(AppiumElementLocator.java:99)
at io.appium.java_client.pagefactory.AppiumElementLocator.findElement(AppiumElementLocator.java:119)
... 34 more
Caused by: org.openqa.selenium.NoSuchElementException: Cannot locate an element using By.chained({By.xpath: //android.widget.EditText[contains(@resource-id,'subject')]})
For documentation on this error, please visit: http://seleniumhq.org/exceptions/no_such_element.html
Build info: version: '3.12.0', revision: '7c6e0b3', time: '2018-05-08T14:04:26.12Z'
System info: host: 'LAPTOP057', ip: '172.16.0.105', os.name: 'Windows 10', os.arch: 'amd64', os.version: '10.0', java.version: '1.8.0_131'
Driver info: driver.version: AndroidDriver
at io.appium.java_client.pagefactory.bys.builder.ByChained.findElement(ByChained.java:74)
at org.openqa.selenium.remote.RemoteWebDriver.findElement(RemoteWebDriver.java:309)
at io.appium.java_client.DefaultGenericMobileDriver.findElement(DefaultGenericMobileDriver.java:58)
at io.appium.java_client.AppiumDriver.findElement(AppiumDriver.java:1)
at io.appium.java_client.android.AndroidDriver.findElement(AndroidDriver.java:1)
at io.appium.java_client.pagefactory.bys.ContentMappedBy.findElement(ContentMappedBy.java:50)
at org.openqa.selenium.remote.RemoteWebDriver.findElement(RemoteWebDriver.java:309)
at io.appium.java_client.DefaultGenericMobileDriver.findElement(DefaultGenericMobileDriver.java:58)
at io.appium.java_client.AppiumDriver.findElement(AppiumDriver.java:1)
at io.appium.java_client.android.AndroidDriver.findElement(AndroidDriver.java:1)
at io.appium.java_client.pagefactory.AppiumElementLocator.lambda$0(AppiumElementLocator.java:120)
at io.appium.java_client.pagefactory.AppiumElementLocator$WaitingFunction.apply(AppiumElementLocator.java:172)
at io.appium.java_client.pagefactory.AppiumElementLocator$WaitingFunction.apply(AppiumElementLocator.java:1)
at org.openqa.selenium.support.ui.FluentWait.until(FluentWait.java:248)
... 36 more
]]>
            </full-stacktrace>
          </exception> <!-- org.openqa.selenium.NoSuchElementException -->
          <reporter-output>
          </reporter-output>
        </test-method> <!-- HomeTabTCNo8 -->
        <test-method status="PASS" signature="runAfterMethod(org.testng.ITestResult)[pri:0, instance:tests.TM_HomeTab@2d10e0b1]" name="runAfterMethod" is-config="true" duration-ms="21041" started-at="2018-10-31T08:49:35Z" finished-at="2018-10-31T08:49:57Z">
          <params>
            <param index="0">
              <value>
                <![CDATA[[TestResult name=HomeTabTCNo8 status=FAILURE method=TM_HomeTab.HomeTabTCNo8()[pri:0, instance:tests.TM_HomeTab@2d10e0b1] output={null}]]]>
              </value>
            </param>
          </params>
          <reporter-output>
          </reporter-output>
        </test-method> <!-- runAfterMethod -->
        <test-method status="PASS" signature="tearDown()[pri:0, instance:tests.TM_HomeTab@2d10e0b1]" name="tearDown" is-config="true" duration-ms="10964" started-at="2018-10-31T08:49:57Z" finished-at="2018-10-31T08:50:07Z">
          <reporter-output>
          </reporter-output>
        </test-method> <!-- tearDown -->
      </class> <!-- tests.TM_HomeTab -->
    </test> <!-- HomeTabTest -->
  </suite> <!-- HomeTabSuite -->
  <suite name="SectionTabSuite" duration-ms="329727" started-at="2018-10-31T08:39:20Z" finished-at="2018-10-31T08:44:49Z">
    <groups>
    </groups>
    <test name="SectionTabTest" duration-ms="329727" started-at="2018-10-31T08:39:20Z" finished-at="2018-10-31T08:44:49Z">
      <class name="tests.TM_SectionTab">
        <test-method status="PASS" signature="setUp(org.testng.ITestContext)[pri:0, instance:tests.TM_SectionTab@184497d1]" name="setUp" is-config="true" duration-ms="63210" started-at="2018-10-31T08:39:20Z" finished-at="2018-10-31T08:40:23Z">
          <params>
            <param index="0">
              <value>
                <![CDATA[org.testng.TestRunner@528c3af3]]>
              </value>
            </param>
          </params>
          <reporter-output>
          </reporter-output>
        </test-method> <!-- setUp -->
        <test-method status="PASS" signature="SectionTabTCNo11()[pri:0, instance:tests.TM_SectionTab@184497d1]" name="SectionTabTCNo11" duration-ms="10491" started-at="2018-10-31T08:40:23Z" finished-at="2018-10-31T08:40:33Z">
          <reporter-output>
          </reporter-output>
        </test-method> <!-- SectionTabTCNo11 -->
        <test-method status="PASS" signature="runAfterMethod(org.testng.ITestResult)[pri:0, instance:tests.TM_SectionTab@184497d1]" name="runAfterMethod" is-config="true" duration-ms="3044" started-at="2018-10-31T08:40:33Z" finished-at="2018-10-31T08:40:36Z">
          <params>
            <param index="0">
              <value>
                <![CDATA[[TestResult name=SectionTabTCNo11 status=SUCCESS method=TM_SectionTab.SectionTabTCNo11()[pri:0, instance:tests.TM_SectionTab@184497d1] output={null}]]]>
              </value>
            </param>
          </params>
          <reporter-output>
          </reporter-output>
        </test-method> <!-- runAfterMethod -->
        <test-method status="FAIL" signature="SectionTabTCNo12()[pri:0, instance:tests.TM_SectionTab@184497d1]" name="SectionTabTCNo12" duration-ms="55216" started-at="2018-10-31T08:40:36Z" finished-at="2018-10-31T08:41:32Z">
          <exception class="org.openqa.selenium.NoSuchElementException">
            <message>
              <![CDATA[Can't locate an element by this strategy: By.chained({By.id: Navigate up})]]>
            </message>
            <full-stacktrace>
              <![CDATA[org.openqa.selenium.NoSuchElementException: Can't locate an element by this strategy: By.chained({By.id: Navigate up})
at io.appium.java_client.pagefactory.AppiumElementLocator.findElement(AppiumElementLocator.java:126)
at io.appium.java_client.pagefactory.interceptors.InterceptorOfASingleElement.intercept(InterceptorOfASingleElement.java:60)
at io.appium.java_client.android.AndroidElement$$EnhancerByCGLIB$$b598166c.click(<generated>)
at pages.SectionTab.TestCaseNo12(SectionTab.java:111)
at tests.TM_SectionTab.SectionTabTCNo12(TM_SectionTab.java:39)
at sun.reflect.NativeMethodAccessorImpl.invoke0(Native Method)
at sun.reflect.NativeMethodAccessorImpl.invoke(NativeMethodAccessorImpl.java:62)
at sun.reflect.DelegatingMethodAccessorImpl.invoke(DelegatingMethodAccessorImpl.java:43)
at java.lang.reflect.Method.invoke(Method.java:498)
at org.testng.internal.MethodInvocationHelper.invokeMethod(MethodInvocationHelper.java:124)
at org.testng.internal.Invoker.invokeMethod(Invoker.java:583)
at org.testng.internal.Invoker.invokeTestMethod(Invoker.java:719)
at org.testng.internal.Invoker.invokeTestMethods(Invoker.java:989)
at org.testng.internal.TestMethodWorker.invokeTestMethods(TestMethodWorker.java:125)
at org.testng.internal.TestMethodWorker.run(TestMethodWorker.java:109)
at org.testng.TestRunner.privateRun(TestRunner.java:648)
at org.testng.TestRunner.run(TestRunner.java:505)
at org.testng.SuiteRunner.runTest(SuiteRunner.java:455)
at org.testng.SuiteRunner.runSequentially(SuiteRunner.java:450)
at org.testng.SuiteRunner.privateRun(SuiteRunner.java:415)
at org.testng.SuiteRunner.run(SuiteRunner.java:364)
at org.testng.SuiteRunnerWorker.runSuite(SuiteRunnerWorker.java:52)
at org.testng.SuiteRunnerWorker.run(SuiteRunnerWorker.java:84)
at org.testng.TestNG.runSuitesSequentially(TestNG.java:1208)
at org.testng.TestNG.runSuitesSequentially(TestNG.java:1204)
at org.testng.TestNG.runSuitesLocally(TestNG.java:1137)
at org.testng.TestNG.runSuites(TestNG.java:1049)
at org.testng.TestNG.run(TestNG.java:1017)
at org.apache.maven.surefire.testng.TestNGExecutor.run(TestNGExecutor.java:283)
at org.apache.maven.surefire.testng.TestNGXmlTestSuite.execute(TestNGXmlTestSuite.java:75)
at org.apache.maven.surefire.testng.TestNGProvider.invoke(TestNGProvider.java:120)
at org.apache.maven.surefire.booter.ForkedBooter.invokeProviderInSameClassLoader(ForkedBooter.java:386)
at org.apache.maven.surefire.booter.ForkedBooter.runSuitesInProcess(ForkedBooter.java:323)
at org.apache.maven.surefire.booter.ForkedBooter.main(ForkedBooter.java:143)
Caused by: org.openqa.selenium.TimeoutException: Expected condition failed: waiting for io.appium.java_client.pagefactory.AppiumElementLocator$WaitingFunction@439c706 (tried for 1 second(s) with 500 milliseconds interval)
at org.openqa.selenium.support.ui.FluentWait.timeoutException(FluentWait.java:303)
at org.openqa.selenium.support.ui.FluentWait.until(FluentWait.java:271)
at io.appium.java_client.pagefactory.AppiumElementLocator.waitFor(AppiumElementLocator.java:99)
at io.appium.java_client.pagefactory.AppiumElementLocator.findElement(AppiumElementLocator.java:119)
... 33 more
Caused by: org.openqa.selenium.NoSuchElementException: Cannot locate an element using By.chained({By.id: Navigate up})
For documentation on this error, please visit: http://seleniumhq.org/exceptions/no_such_element.html
Build info: version: '3.12.0', revision: '7c6e0b3', time: '2018-05-08T14:04:26.12Z'
System info: host: 'LAPTOP057', ip: '172.16.0.105', os.name: 'Windows 10', os.arch: 'amd64', os.version: '10.0', java.version: '1.8.0_131'
Driver info: driver.version: AndroidDriver
at io.appium.java_client.pagefactory.bys.builder.ByChained.findElement(ByChained.java:74)
at org.openqa.selenium.remote.RemoteWebDriver.findElement(RemoteWebDriver.java:309)
at io.appium.java_client.DefaultGenericMobileDriver.findElement(DefaultGenericMobileDriver.java:58)
at io.appium.java_client.AppiumDriver.findElement(AppiumDriver.java:1)
at io.appium.java_client.android.AndroidDriver.findElement(AndroidDriver.java:1)
at io.appium.java_client.pagefactory.bys.ContentMappedBy.findElement(ContentMappedBy.java:50)
at org.openqa.selenium.remote.RemoteWebDriver.findElement(RemoteWebDriver.java:309)
at io.appium.java_client.DefaultGenericMobileDriver.findElement(DefaultGenericMobileDriver.java:58)
at io.appium.java_client.AppiumDriver.findElement(AppiumDriver.java:1)
at io.appium.java_client.android.AndroidDriver.findElement(AndroidDriver.java:1)
at io.appium.java_client.pagefactory.AppiumElementLocator.lambda$0(AppiumElementLocator.java:120)
at io.appium.java_client.pagefactory.AppiumElementLocator$WaitingFunction.apply(AppiumElementLocator.java:172)
at io.appium.java_client.pagefactory.AppiumElementLocator$WaitingFunction.apply(AppiumElementLocator.java:1)
at org.openqa.selenium.support.ui.FluentWait.until(FluentWait.java:248)
... 35 more
]]>
            </full-stacktrace>
          </exception> <!-- org.openqa.selenium.NoSuchElementException -->
          <reporter-output>
          </reporter-output>
        </test-method> <!-- SectionTabTCNo12 -->
        <test-method status="PASS" signature="runAfterMethod(org.testng.ITestResult)[pri:0, instance:tests.TM_SectionTab@184497d1]" name="runAfterMethod" is-config="true" duration-ms="16527" started-at="2018-10-31T08:41:32Z" finished-at="2018-10-31T08:41:48Z">
          <params>
            <param index="0">
              <value>
                <![CDATA[[TestResult name=SectionTabTCNo12 status=FAILURE method=TM_SectionTab.SectionTabTCNo12()[pri:0, instance:tests.TM_SectionTab@184497d1] output={null}]]]>
              </value>
            </param>
          </params>
          <reporter-output>
          </reporter-output>
        </test-method> <!-- runAfterMethod -->
        <test-method status="PASS" signature="SectionTabTCNo2()[pri:0, instance:tests.TM_SectionTab@184497d1]" name="SectionTabTCNo2" duration-ms="60032" started-at="2018-10-31T08:41:48Z" finished-at="2018-10-31T08:42:48Z">
          <reporter-output>
          </reporter-output>
        </test-method> <!-- SectionTabTCNo2 -->
        <test-method status="PASS" signature="runAfterMethod(org.testng.ITestResult)[pri:0, instance:tests.TM_SectionTab@184497d1]" name="runAfterMethod" is-config="true" duration-ms="3441" started-at="2018-10-31T08:42:48Z" finished-at="2018-10-31T08:42:52Z">
          <params>
            <param index="0">
              <value>
                <![CDATA[[TestResult name=SectionTabTCNo2 status=SUCCESS method=TM_SectionTab.SectionTabTCNo2()[pri:0, instance:tests.TM_SectionTab@184497d1] output={null}]]]>
              </value>
            </param>
          </params>
          <reporter-output>
          </reporter-output>
        </test-method> <!-- runAfterMethod -->
        <test-method status="PASS" signature="SectionTabTCNo3()[pri:0, instance:tests.TM_SectionTab@184497d1]" name="SectionTabTCNo3" duration-ms="48117" started-at="2018-10-31T08:42:52Z" finished-at="2018-10-31T08:43:40Z">
          <reporter-output>
          </reporter-output>
        </test-method> <!-- SectionTabTCNo3 -->
        <test-method status="PASS" signature="runAfterMethod(org.testng.ITestResult)[pri:0, instance:tests.TM_SectionTab@184497d1]" name="runAfterMethod" is-config="true" duration-ms="3194" started-at="2018-10-31T08:43:40Z" finished-at="2018-10-31T08:43:43Z">
          <params>
            <param index="0">
              <value>
                <![CDATA[[TestResult name=SectionTabTCNo3 status=SUCCESS method=TM_SectionTab.SectionTabTCNo3()[pri:0, instance:tests.TM_SectionTab@184497d1] output={null}]]]>
              </value>
            </param>
          </params>
          <reporter-output>
          </reporter-output>
        </test-method> <!-- runAfterMethod -->
        <test-method status="PASS" signature="SectionTabTCNo4()[pri:0, instance:tests.TM_SectionTab@184497d1]" name="SectionTabTCNo4" duration-ms="6491" started-at="2018-10-31T08:43:43Z" finished-at="2018-10-31T08:43:50Z">
          <reporter-output>
          </reporter-output>
        </test-method> <!-- SectionTabTCNo4 -->
        <test-method status="PASS" signature="runAfterMethod(org.testng.ITestResult)[pri:0, instance:tests.TM_SectionTab@184497d1]" name="runAfterMethod" is-config="true" duration-ms="3387" started-at="2018-10-31T08:43:50Z" finished-at="2018-10-31T08:43:53Z">
          <params>
            <param index="0">
              <value>
                <![CDATA[[TestResult name=SectionTabTCNo4 status=SUCCESS method=TM_SectionTab.SectionTabTCNo4()[pri:0, instance:tests.TM_SectionTab@184497d1] output={null}]]]>
              </value>
            </param>
          </params>
          <reporter-output>
          </reporter-output>
        </test-method> <!-- runAfterMethod -->
        <test-method status="PASS" signature="SectionTabTCNo6()[pri:0, instance:tests.TM_SectionTab@184497d1]" name="SectionTabTCNo6" duration-ms="12698" started-at="2018-10-31T08:43:53Z" finished-at="2018-10-31T08:44:06Z">
          <reporter-output>
          </reporter-output>
        </test-method> <!-- SectionTabTCNo6 -->
        <test-method status="PASS" signature="runAfterMethod(org.testng.ITestResult)[pri:0, instance:tests.TM_SectionTab@184497d1]" name="runAfterMethod" is-config="true" duration-ms="3268" started-at="2018-10-31T08:44:06Z" finished-at="2018-10-31T08:44:09Z">
          <params>
            <param index="0">
              <value>
                <![CDATA[[TestResult name=SectionTabTCNo6 status=SUCCESS method=TM_SectionTab.SectionTabTCNo6()[pri:0, instance:tests.TM_SectionTab@184497d1] output={null}]]]>
              </value>
            </param>
          </params>
          <reporter-output>
          </reporter-output>
        </test-method> <!-- runAfterMethod -->
        <test-method status="FAIL" signature="SectionTabTCNo8()[pri:0, instance:tests.TM_SectionTab@184497d1]" name="SectionTabTCNo8" duration-ms="14526" started-at="2018-10-31T08:44:09Z" finished-at="2018-10-31T08:44:23Z">
          <exception class="org.openqa.selenium.NoSuchElementException">
            <message>
              <![CDATA[Can't locate an element by this strategy: By.chained({By.xpath: //android.widget.TextView[@content-desc='Share Article']})]]>
            </message>
            <full-stacktrace>
              <![CDATA[org.openqa.selenium.NoSuchElementException: Can't locate an element by this strategy: By.chained({By.xpath: //android.widget.TextView[@content-desc='Share Article']})
at io.appium.java_client.pagefactory.AppiumElementLocator.findElement(AppiumElementLocator.java:126)
at io.appium.java_client.pagefactory.interceptors.InterceptorOfASingleElement.intercept(InterceptorOfASingleElement.java:60)
at io.appium.java_client.android.AndroidElement$$EnhancerByCGLIB$$b598166c.click(<generated>)
at pages.SectionTab.TestCaseNo8(SectionTab.java:78)
at tests.TM_SectionTab.SectionTabTCNo8(TM_SectionTab.java:29)
at sun.reflect.NativeMethodAccessorImpl.invoke0(Native Method)
at sun.reflect.NativeMethodAccessorImpl.invoke(NativeMethodAccessorImpl.java:62)
at sun.reflect.DelegatingMethodAccessorImpl.invoke(DelegatingMethodAccessorImpl.java:43)
at java.lang.reflect.Method.invoke(Method.java:498)
at org.testng.internal.MethodInvocationHelper.invokeMethod(MethodInvocationHelper.java:124)
at org.testng.internal.Invoker.invokeMethod(Invoker.java:583)
at org.testng.internal.Invoker.invokeTestMethod(Invoker.java:719)
at org.testng.internal.Invoker.invokeTestMethods(Invoker.java:989)
at org.testng.internal.TestMethodWorker.invokeTestMethods(TestMethodWorker.java:125)
at org.testng.internal.TestMethodWorker.run(TestMethodWorker.java:109)
at org.testng.TestRunner.privateRun(TestRunner.java:648)
at org.testng.TestRunner.run(TestRunner.java:505)
at org.testng.SuiteRunner.runTest(SuiteRunner.java:455)
at org.testng.SuiteRunner.runSequentially(SuiteRunner.java:450)
at org.testng.SuiteRunner.privateRun(SuiteRunner.java:415)
at org.testng.SuiteRunner.run(SuiteRunner.java:364)
at org.testng.SuiteRunnerWorker.runSuite(SuiteRunnerWorker.java:52)
at org.testng.SuiteRunnerWorker.run(SuiteRunnerWorker.java:84)
at org.testng.TestNG.runSuitesSequentially(TestNG.java:1208)
at org.testng.TestNG.runSuitesSequentially(TestNG.java:1204)
at org.testng.TestNG.runSuitesLocally(TestNG.java:1137)
at org.testng.TestNG.runSuites(TestNG.java:1049)
at org.testng.TestNG.run(TestNG.java:1017)
at org.apache.maven.surefire.testng.TestNGExecutor.run(TestNGExecutor.java:283)
at org.apache.maven.surefire.testng.TestNGXmlTestSuite.execute(TestNGXmlTestSuite.java:75)
at org.apache.maven.surefire.testng.TestNGProvider.invoke(TestNGProvider.java:120)
at org.apache.maven.surefire.booter.ForkedBooter.invokeProviderInSameClassLoader(ForkedBooter.java:386)
at org.apache.maven.surefire.booter.ForkedBooter.runSuitesInProcess(ForkedBooter.java:323)
at org.apache.maven.surefire.booter.ForkedBooter.main(ForkedBooter.java:143)
Caused by: org.openqa.selenium.TimeoutException: Expected condition failed: waiting for io.appium.java_client.pagefactory.AppiumElementLocator$WaitingFunction@630793f3 (tried for 1 second(s) with 500 milliseconds interval)
at org.openqa.selenium.support.ui.FluentWait.timeoutException(FluentWait.java:303)
at org.openqa.selenium.support.ui.FluentWait.until(FluentWait.java:271)
at io.appium.java_client.pagefactory.AppiumElementLocator.waitFor(AppiumElementLocator.java:99)
at io.appium.java_client.pagefactory.AppiumElementLocator.findElement(AppiumElementLocator.java:119)
... 33 more
Caused by: org.openqa.selenium.NoSuchElementException: Cannot locate an element using By.chained({By.xpath: //android.widget.TextView[@content-desc='Share Article']})
For documentation on this error, please visit: http://seleniumhq.org/exceptions/no_such_element.html
Build info: version: '3.12.0', revision: '7c6e0b3', time: '2018-05-08T14:04:26.12Z'
System info: host: 'LAPTOP057', ip: '172.16.0.105', os.name: 'Windows 10', os.arch: 'amd64', os.version: '10.0', java.version: '1.8.0_131'
Driver info: driver.version: AndroidDriver
at io.appium.java_client.pagefactory.bys.builder.ByChained.findElement(ByChained.java:74)
at org.openqa.selenium.remote.RemoteWebDriver.findElement(RemoteWebDriver.java:309)
at io.appium.java_client.DefaultGenericMobileDriver.findElement(DefaultGenericMobileDriver.java:58)
at io.appium.java_client.AppiumDriver.findElement(AppiumDriver.java:1)
at io.appium.java_client.android.AndroidDriver.findElement(AndroidDriver.java:1)
at io.appium.java_client.pagefactory.bys.ContentMappedBy.findElement(ContentMappedBy.java:50)
at org.openqa.selenium.remote.RemoteWebDriver.findElement(RemoteWebDriver.java:309)
at io.appium.java_client.DefaultGenericMobileDriver.findElement(DefaultGenericMobileDriver.java:58)
at io.appium.java_client.AppiumDriver.findElement(AppiumDriver.java:1)
at io.appium.java_client.android.AndroidDriver.findElement(AndroidDriver.java:1)
at io.appium.java_client.pagefactory.AppiumElementLocator.lambda$0(AppiumElementLocator.java:120)
at io.appium.java_client.pagefactory.AppiumElementLocator$WaitingFunction.apply(AppiumElementLocator.java:172)
at io.appium.java_client.pagefactory.AppiumElementLocator$WaitingFunction.apply(AppiumElementLocator.java:1)
at org.openqa.selenium.support.ui.FluentWait.until(FluentWait.java:248)
... 35 more
]]>
            </full-stacktrace>
          </exception> <!-- org.openqa.selenium.NoSuchElementException -->
          <reporter-output>
          </reporter-output>
        </test-method> <!-- SectionTabTCNo8 -->
        <test-method status="PASS" signature="runAfterMethod(org.testng.ITestResult)[pri:0, instance:tests.TM_SectionTab@184497d1]" name="runAfterMethod" is-config="true" duration-ms="14942" started-at="2018-10-31T08:44:23Z" finished-at="2018-10-31T08:44:38Z">
          <params>
            <param index="0">
              <value>
                <![CDATA[[TestResult name=SectionTabTCNo8 status=FAILURE method=TM_SectionTab.SectionTabTCNo8()[pri:0, instance:tests.TM_SectionTab@184497d1] output={null}]]]>
              </value>
            </param>
          </params>
          <reporter-output>
          </reporter-output>
        </test-method> <!-- runAfterMethod -->
        <test-method status="PASS" signature="tearDown()[pri:0, instance:tests.TM_SectionTab@184497d1]" name="tearDown" is-config="true" duration-ms="11029" started-at="2018-10-31T08:44:38Z" finished-at="2018-10-31T08:44:49Z">
          <reporter-output>
          </reporter-output>
        </test-method> <!-- tearDown -->
      </class> <!-- tests.TM_SectionTab -->
    </test> <!-- SectionTabTest -->
  </suite> <!-- SectionTabSuite -->
  <suite name="GeneralTestSuite" duration-ms="338421" started-at="2018-10-31T08:33:41Z" finished-at="2018-10-31T08:39:20Z">
    <groups>
    </groups>
    <test name="GeneralTest" duration-ms="338421" started-at="2018-10-31T08:33:41Z" finished-at="2018-10-31T08:39:20Z">
      <class name="tests.TM_GeneralTest">
        <test-method status="PASS" signature="setUp(org.testng.ITestContext)[pri:0, instance:tests.TM_GeneralTest@4ebea12c]" name="setUp" is-config="true" duration-ms="67516" started-at="2018-10-31T08:33:41Z" finished-at="2018-10-31T08:34:49Z">
          <params>
            <param index="0">
              <value>
                <![CDATA[org.testng.TestRunner@7b67d923]]>
              </value>
            </param>
          </params>
          <reporter-output>
          </reporter-output>
        </test-method> <!-- setUp -->
        <test-method status="PASS" signature="GeneralTCNo1()[pri:0, instance:tests.TM_GeneralTest@4ebea12c]" name="GeneralTCNo1" duration-ms="48258" started-at="2018-10-31T08:34:49Z" finished-at="2018-10-31T08:35:37Z">
          <reporter-output>
          </reporter-output>
        </test-method> <!-- GeneralTCNo1 -->
        <test-method status="PASS" signature="runAfterMethod(org.testng.ITestResult)[pri:0, instance:tests.TM_GeneralTest@4ebea12c]" name="runAfterMethod" is-config="true" duration-ms="4536" started-at="2018-10-31T08:35:37Z" finished-at="2018-10-31T08:35:42Z">
          <params>
            <param index="0">
              <value>
                <![CDATA[[TestResult name=GeneralTCNo1 status=SUCCESS method=TM_GeneralTest.GeneralTCNo1()[pri:0, instance:tests.TM_GeneralTest@4ebea12c] output={null}]]]>
              </value>
            </param>
          </params>
          <reporter-output>
          </reporter-output>
        </test-method> <!-- runAfterMethod -->
        <test-method status="FAIL" signature="GeneralTCNo11()[pri:0, instance:tests.TM_GeneralTest@4ebea12c]" name="GeneralTCNo11" duration-ms="11053" started-at="2018-10-31T08:35:42Z" finished-at="2018-10-31T08:35:53Z">
          <exception class="org.openqa.selenium.NoSuchElementException">
            <message>
              <![CDATA[Can't locate an element by this strategy: By.chained({By.id: card_view_article})]]>
            </message>
            <full-stacktrace>
              <![CDATA[org.openqa.selenium.NoSuchElementException: Can't locate an element by this strategy: By.chained({By.id: card_view_article})
at io.appium.java_client.pagefactory.AppiumElementLocator.findElement(AppiumElementLocator.java:126)
at io.appium.java_client.pagefactory.interceptors.InterceptorOfASingleElement.intercept(InterceptorOfASingleElement.java:60)
at io.appium.java_client.android.AndroidElement$$EnhancerByCGLIB$$b598166c.click(<generated>)
at elements.FeedListElements.feedItemTopStoryClick(FeedListElements.java:99)
at pages.GeneralTest.openArticle(GeneralTest.java:99)
at pages.GeneralTest.TestCaseNo11(GeneralTest.java:87)
at tests.TM_GeneralTest.GeneralTCNo11(TM_GeneralTest.java:33)
at sun.reflect.NativeMethodAccessorImpl.invoke0(Native Method)
at sun.reflect.NativeMethodAccessorImpl.invoke(NativeMethodAccessorImpl.java:62)
at sun.reflect.DelegatingMethodAccessorImpl.invoke(DelegatingMethodAccessorImpl.java:43)
at java.lang.reflect.Method.invoke(Method.java:498)
at org.testng.internal.MethodInvocationHelper.invokeMethod(MethodInvocationHelper.java:124)
at org.testng.internal.Invoker.invokeMethod(Invoker.java:583)
at org.testng.internal.Invoker.invokeTestMethod(Invoker.java:719)
at org.testng.internal.Invoker.invokeTestMethods(Invoker.java:989)
at org.testng.internal.TestMethodWorker.invokeTestMethods(TestMethodWorker.java:125)
at org.testng.internal.TestMethodWorker.run(TestMethodWorker.java:109)
at org.testng.TestRunner.privateRun(TestRunner.java:648)
at org.testng.TestRunner.run(TestRunner.java:505)
at org.testng.SuiteRunner.runTest(SuiteRunner.java:455)
at org.testng.SuiteRunner.runSequentially(SuiteRunner.java:450)
at org.testng.SuiteRunner.privateRun(SuiteRunner.java:415)
at org.testng.SuiteRunner.run(SuiteRunner.java:364)
at org.testng.SuiteRunnerWorker.runSuite(SuiteRunnerWorker.java:52)
at org.testng.SuiteRunnerWorker.run(SuiteRunnerWorker.java:84)
at org.testng.TestNG.runSuitesSequentially(TestNG.java:1208)
at org.testng.TestNG.runSuitesSequentially(TestNG.java:1204)
at org.testng.TestNG.runSuitesLocally(TestNG.java:1137)
at org.testng.TestNG.runSuites(TestNG.java:1049)
at org.testng.TestNG.run(TestNG.java:1017)
at org.apache.maven.surefire.testng.TestNGExecutor.run(TestNGExecutor.java:283)
at org.apache.maven.surefire.testng.TestNGXmlTestSuite.execute(TestNGXmlTestSuite.java:75)
at org.apache.maven.surefire.testng.TestNGProvider.invoke(TestNGProvider.java:120)
at org.apache.maven.surefire.booter.ForkedBooter.invokeProviderInSameClassLoader(ForkedBooter.java:386)
at org.apache.maven.surefire.booter.ForkedBooter.runSuitesInProcess(ForkedBooter.java:323)
at org.apache.maven.surefire.booter.ForkedBooter.main(ForkedBooter.java:143)
Caused by: org.openqa.selenium.TimeoutException: Expected condition failed: waiting for io.appium.java_client.pagefactory.AppiumElementLocator$WaitingFunction@dbda472 (tried for 1 second(s) with 500 milliseconds interval)
at org.openqa.selenium.support.ui.FluentWait.timeoutException(FluentWait.java:303)
at org.openqa.selenium.support.ui.FluentWait.until(FluentWait.java:271)
at io.appium.java_client.pagefactory.AppiumElementLocator.waitFor(AppiumElementLocator.java:99)
at io.appium.java_client.pagefactory.AppiumElementLocator.findElement(AppiumElementLocator.java:119)
... 35 more
Caused by: org.openqa.selenium.NoSuchElementException: Cannot locate an element using By.chained({By.id: card_view_article})
For documentation on this error, please visit: http://seleniumhq.org/exceptions/no_such_element.html
Build info: version: '3.12.0', revision: '7c6e0b3', time: '2018-05-08T14:04:26.12Z'
System info: host: 'LAPTOP057', ip: '172.16.0.105', os.name: 'Windows 10', os.arch: 'amd64', os.version: '10.0', java.version: '1.8.0_131'
Driver info: driver.version: AndroidDriver
at io.appium.java_client.pagefactory.bys.builder.ByChained.findElement(ByChained.java:74)
at org.openqa.selenium.remote.RemoteWebDriver.findElement(RemoteWebDriver.java:309)
at io.appium.java_client.DefaultGenericMobileDriver.findElement(DefaultGenericMobileDriver.java:58)
at io.appium.java_client.AppiumDriver.findElement(AppiumDriver.java:1)
at io.appium.java_client.android.AndroidDriver.findElement(AndroidDriver.java:1)
at io.appium.java_client.pagefactory.bys.ContentMappedBy.findElement(ContentMappedBy.java:50)
at org.openqa.selenium.remote.RemoteWebDriver.findElement(RemoteWebDriver.java:309)
at io.appium.java_client.DefaultGenericMobileDriver.findElement(DefaultGenericMobileDriver.java:58)
at io.appium.java_client.AppiumDriver.findElement(AppiumDriver.java:1)
at io.appium.java_client.android.AndroidDriver.findElement(AndroidDriver.java:1)
at io.appium.java_client.pagefactory.AppiumElementLocator.lambda$0(AppiumElementLocator.java:120)
at io.appium.java_client.pagefactory.AppiumElementLocator$WaitingFunction.apply(AppiumElementLocator.java:172)
at io.appium.java_client.pagefactory.AppiumElementLocator$WaitingFunction.apply(AppiumElementLocator.java:1)
at org.openqa.selenium.support.ui.FluentWait.until(FluentWait.java:248)
... 37 more
]]>
            </full-stacktrace>
          </exception> <!-- org.openqa.selenium.NoSuchElementException -->
          <reporter-output>
          </reporter-output>
        </test-method> <!-- GeneralTCNo11 -->
        <test-method status="PASS" signature="runAfterMethod(org.testng.ITestResult)[pri:0, instance:tests.TM_GeneralTest@4ebea12c]" name="runAfterMethod" is-config="true" duration-ms="16547" started-at="2018-10-31T08:35:53Z" finished-at="2018-10-31T08:36:09Z">
          <params>
            <param index="0">
              <value>
                <![CDATA[[TestResult name=GeneralTCNo11 status=FAILURE method=TM_GeneralTest.GeneralTCNo11()[pri:0, instance:tests.TM_GeneralTest@4ebea12c] output={null}]]]>
              </value>
            </param>
          </params>
          <reporter-output>
          </reporter-output>
        </test-method> <!-- runAfterMethod -->
        <test-method status="PASS" signature="GeneralTCNo2()[pri:0, instance:tests.TM_GeneralTest@4ebea12c]" name="GeneralTCNo2" duration-ms="34704" started-at="2018-10-31T08:36:09Z" finished-at="2018-10-31T08:36:44Z">
          <reporter-output>
          </reporter-output>
        </test-method> <!-- GeneralTCNo2 -->
        <test-method status="PASS" signature="runAfterMethod(org.testng.ITestResult)[pri:0, instance:tests.TM_GeneralTest@4ebea12c]" name="runAfterMethod" is-config="true" duration-ms="12117" started-at="2018-10-31T08:36:44Z" finished-at="2018-10-31T08:36:56Z">
          <params>
            <param index="0">
              <value>
                <![CDATA[[TestResult name=GeneralTCNo2 status=SUCCESS method=TM_GeneralTest.GeneralTCNo2()[pri:0, instance:tests.TM_GeneralTest@4ebea12c] output={null}]]]>
              </value>
            </param>
          </params>
          <reporter-output>
          </reporter-output>
        </test-method> <!-- runAfterMethod -->
        <test-method status="PASS" signature="GeneralTCNo3()[pri:0, instance:tests.TM_GeneralTest@4ebea12c]" name="GeneralTCNo3" duration-ms="43963" started-at="2018-10-31T08:36:56Z" finished-at="2018-10-31T08:37:40Z">
          <reporter-output>
          </reporter-output>
        </test-method> <!-- GeneralTCNo3 -->
        <test-method status="PASS" signature="runAfterMethod(org.testng.ITestResult)[pri:0, instance:tests.TM_GeneralTest@4ebea12c]" name="runAfterMethod" is-config="true" duration-ms="3315" started-at="2018-10-31T08:37:40Z" finished-at="2018-10-31T08:37:43Z">
          <params>
            <param index="0">
              <value>
                <![CDATA[[TestResult name=GeneralTCNo3 status=SUCCESS method=TM_GeneralTest.GeneralTCNo3()[pri:0, instance:tests.TM_GeneralTest@4ebea12c] output={null}]]]>
              </value>
            </param>
          </params>
          <reporter-output>
          </reporter-output>
        </test-method> <!-- runAfterMethod -->
        <test-method status="PASS" signature="GeneralTCNo4()[pri:0, instance:tests.TM_GeneralTest@4ebea12c]" name="GeneralTCNo4" duration-ms="26453" started-at="2018-10-31T08:37:43Z" finished-at="2018-10-31T08:38:10Z">
          <reporter-output>
          </reporter-output>
        </test-method> <!-- GeneralTCNo4 -->
        <test-method status="PASS" signature="runAfterMethod(org.testng.ITestResult)[pri:0, instance:tests.TM_GeneralTest@4ebea12c]" name="runAfterMethod" is-config="true" duration-ms="3328" started-at="2018-10-31T08:38:10Z" finished-at="2018-10-31T08:38:13Z">
          <params>
            <param index="0">
              <value>
                <![CDATA[[TestResult name=GeneralTCNo4 status=SUCCESS method=TM_GeneralTest.GeneralTCNo4()[pri:0, instance:tests.TM_GeneralTest@4ebea12c] output={null}]]]>
              </value>
            </param>
          </params>
          <reporter-output>
          </reporter-output>
        </test-method> <!-- runAfterMethod -->
        <test-method status="PASS" signature="GeneralTCNo7()[pri:0, instance:tests.TM_GeneralTest@4ebea12c]" name="GeneralTCNo7" duration-ms="51442" started-at="2018-10-31T08:38:13Z" finished-at="2018-10-31T08:39:05Z">
          <reporter-output>
          </reporter-output>
        </test-method> <!-- GeneralTCNo7 -->
        <test-method status="PASS" signature="runAfterMethod(org.testng.ITestResult)[pri:0, instance:tests.TM_GeneralTest@4ebea12c]" name="runAfterMethod" is-config="true" duration-ms="4021" started-at="2018-10-31T08:39:05Z" finished-at="2018-10-31T08:39:09Z">
          <params>
            <param index="0">
              <value>
                <![CDATA[[TestResult name=GeneralTCNo7 status=SUCCESS method=TM_GeneralTest.GeneralTCNo7()[pri:0, instance:tests.TM_GeneralTest@4ebea12c] output={null}]]]>
              </value>
            </param>
          </params>
          <reporter-output>
          </reporter-output>
        </test-method> <!-- runAfterMethod -->
        <test-method status="PASS" signature="tearDown()[pri:0, instance:tests.TM_GeneralTest@4ebea12c]" name="tearDown" is-config="true" duration-ms="10921" started-at="2018-10-31T08:39:09Z" finished-at="2018-10-31T08:39:20Z">
          <reporter-output>
          </reporter-output>
        </test-method> <!-- tearDown -->
      </class> <!-- tests.TM_GeneralTest -->
    </test> <!-- GeneralTest -->
  </suite> <!-- GeneralTestSuite -->
  <suite name="SettingTabSuite" duration-ms="150544" started-at="2018-10-31T08:44:49Z" finished-at="2018-10-31T08:47:20Z">
    <groups>
    </groups>
    <test name="SettingTabTest" duration-ms="150544" started-at="2018-10-31T08:44:49Z" finished-at="2018-10-31T08:47:20Z">
      <class name="tests.TM_SettingTab">
        <test-method status="PASS" signature="setUp(org.testng.ITestContext)[pri:0, instance:tests.TM_SettingTab@41fe9859]" name="setUp" is-config="true" duration-ms="65065" started-at="2018-10-31T08:44:49Z" finished-at="2018-10-31T08:45:55Z">
          <params>
            <param index="0">
              <value>
                <![CDATA[org.testng.TestRunner@70af360f]]>
              </value>
            </param>
          </params>
          <reporter-output>
          </reporter-output>
        </test-method> <!-- setUp -->
        <test-method status="PASS" signature="SettingTCNo1()[pri:0, instance:tests.TM_SettingTab@41fe9859]" name="SettingTCNo1" duration-ms="9256" started-at="2018-10-31T08:45:55Z" finished-at="2018-10-31T08:46:04Z">
          <reporter-output>
          </reporter-output>
        </test-method> <!-- SettingTCNo1 -->
        <test-method status="PASS" signature="runAfterMethod(org.testng.ITestResult)[pri:0, instance:tests.TM_SettingTab@41fe9859]" name="runAfterMethod" is-config="true" duration-ms="4305" started-at="2018-10-31T08:46:04Z" finished-at="2018-10-31T08:46:08Z">
          <params>
            <param index="0">
              <value>
                <![CDATA[[TestResult name=SettingTCNo1 status=SUCCESS method=TM_SettingTab.SettingTCNo1()[pri:0, instance:tests.TM_SettingTab@41fe9859] output={null}]]]>
              </value>
            </param>
          </params>
          <reporter-output>
          </reporter-output>
        </test-method> <!-- runAfterMethod -->
        <test-method status="FAIL" signature="SettingTCNo3()[pri:0, instance:tests.TM_SettingTab@41fe9859]" name="SettingTCNo3" duration-ms="12909" started-at="2018-10-31T08:46:08Z" finished-at="2018-10-31T08:46:21Z">
          <exception class="org.openqa.selenium.NoSuchElementException">
            <message>
              <![CDATA[Can't locate an element by this strategy: By.chained({By.xpath: //android.widget.TextView[@text='Gmail']})]]>
            </message>
            <full-stacktrace>
              <![CDATA[org.openqa.selenium.NoSuchElementException: Can't locate an element by this strategy: By.chained({By.xpath: //android.widget.TextView[@text='Gmail']})
at io.appium.java_client.pagefactory.AppiumElementLocator.findElement(AppiumElementLocator.java:126)
at io.appium.java_client.pagefactory.interceptors.InterceptorOfASingleElement.intercept(InterceptorOfASingleElement.java:60)
at io.appium.java_client.android.AndroidElement$$EnhancerByCGLIB$$b598166c.click(<generated>)
at elements.CommonElements.selectGmail(CommonElements.java:128)
at pages.SettingTab.TestCaseNo3(SettingTab.java:45)
at tests.TM_SettingTab.SettingTCNo3(TM_SettingTab.java:13)
at sun.reflect.NativeMethodAccessorImpl.invoke0(Native Method)
at sun.reflect.NativeMethodAccessorImpl.invoke(NativeMethodAccessorImpl.java:62)
at sun.reflect.DelegatingMethodAccessorImpl.invoke(DelegatingMethodAccessorImpl.java:43)
at java.lang.reflect.Method.invoke(Method.java:498)
at org.testng.internal.MethodInvocationHelper.invokeMethod(MethodInvocationHelper.java:124)
at org.testng.internal.Invoker.invokeMethod(Invoker.java:583)
at org.testng.internal.Invoker.invokeTestMethod(Invoker.java:719)
at org.testng.internal.Invoker.invokeTestMethods(Invoker.java:989)
at org.testng.internal.TestMethodWorker.invokeTestMethods(TestMethodWorker.java:125)
at org.testng.internal.TestMethodWorker.run(TestMethodWorker.java:109)
at org.testng.TestRunner.privateRun(TestRunner.java:648)
at org.testng.TestRunner.run(TestRunner.java:505)
at org.testng.SuiteRunner.runTest(SuiteRunner.java:455)
at org.testng.SuiteRunner.runSequentially(SuiteRunner.java:450)
at org.testng.SuiteRunner.privateRun(SuiteRunner.java:415)
at org.testng.SuiteRunner.run(SuiteRunner.java:364)
at org.testng.SuiteRunnerWorker.runSuite(SuiteRunnerWorker.java:52)
at org.testng.SuiteRunnerWorker.run(SuiteRunnerWorker.java:84)
at org.testng.TestNG.runSuitesSequentially(TestNG.java:1208)
at org.testng.TestNG.runSuitesSequentially(TestNG.java:1204)
at org.testng.TestNG.runSuitesLocally(TestNG.java:1137)
at org.testng.TestNG.runSuites(TestNG.java:1049)
at org.testng.TestNG.run(TestNG.java:1017)
at org.apache.maven.surefire.testng.TestNGExecutor.run(TestNGExecutor.java:283)
at org.apache.maven.surefire.testng.TestNGXmlTestSuite.execute(TestNGXmlTestSuite.java:75)
at org.apache.maven.surefire.testng.TestNGProvider.invoke(TestNGProvider.java:120)
at org.apache.maven.surefire.booter.ForkedBooter.invokeProviderInSameClassLoader(ForkedBooter.java:386)
at org.apache.maven.surefire.booter.ForkedBooter.runSuitesInProcess(ForkedBooter.java:323)
at org.apache.maven.surefire.booter.ForkedBooter.main(ForkedBooter.java:143)
Caused by: org.openqa.selenium.TimeoutException: Expected condition failed: waiting for io.appium.java_client.pagefactory.AppiumElementLocator$WaitingFunction@13695bca (tried for 1 second(s) with 500 milliseconds interval)
at org.openqa.selenium.support.ui.FluentWait.timeoutException(FluentWait.java:303)
at org.openqa.selenium.support.ui.FluentWait.until(FluentWait.java:271)
at io.appium.java_client.pagefactory.AppiumElementLocator.waitFor(AppiumElementLocator.java:99)
at io.appium.java_client.pagefactory.AppiumElementLocator.findElement(AppiumElementLocator.java:119)
... 34 more
Caused by: org.openqa.selenium.NoSuchElementException: Cannot locate an element using By.chained({By.xpath: //android.widget.TextView[@text='Gmail']})
For documentation on this error, please visit: http://seleniumhq.org/exceptions/no_such_element.html
Build info: version: '3.12.0', revision: '7c6e0b3', time: '2018-05-08T14:04:26.12Z'
System info: host: 'LAPTOP057', ip: '172.16.0.105', os.name: 'Windows 10', os.arch: 'amd64', os.version: '10.0', java.version: '1.8.0_131'
Driver info: driver.version: AndroidDriver
at io.appium.java_client.pagefactory.bys.builder.ByChained.findElement(ByChained.java:74)
at org.openqa.selenium.remote.RemoteWebDriver.findElement(RemoteWebDriver.java:309)
at io.appium.java_client.DefaultGenericMobileDriver.findElement(DefaultGenericMobileDriver.java:58)
at io.appium.java_client.AppiumDriver.findElement(AppiumDriver.java:1)
at io.appium.java_client.android.AndroidDriver.findElement(AndroidDriver.java:1)
at io.appium.java_client.pagefactory.bys.ContentMappedBy.findElement(ContentMappedBy.java:50)
at org.openqa.selenium.remote.RemoteWebDriver.findElement(RemoteWebDriver.java:309)
at io.appium.java_client.DefaultGenericMobileDriver.findElement(DefaultGenericMobileDriver.java:58)
at io.appium.java_client.AppiumDriver.findElement(AppiumDriver.java:1)
at io.appium.java_client.android.AndroidDriver.findElement(AndroidDriver.java:1)
at io.appium.java_client.pagefactory.AppiumElementLocator.lambda$0(AppiumElementLocator.java:120)
at io.appium.java_client.pagefactory.AppiumElementLocator$WaitingFunction.apply(AppiumElementLocator.java:172)
at io.appium.java_client.pagefactory.AppiumElementLocator$WaitingFunction.apply(AppiumElementLocator.java:1)
at org.openqa.selenium.support.ui.FluentWait.until(FluentWait.java:248)
... 36 more
]]>
            </full-stacktrace>
          </exception> <!-- org.openqa.selenium.NoSuchElementException -->
          <reporter-output>
          </reporter-output>
        </test-method> <!-- SettingTCNo3 -->
        <test-method status="PASS" signature="runAfterMethod(org.testng.ITestResult)[pri:0, instance:tests.TM_SettingTab@41fe9859]" name="runAfterMethod" is-config="true" duration-ms="8515" started-at="2018-10-31T08:46:21Z" finished-at="2018-10-31T08:46:30Z">
          <params>
            <param index="0">
              <value>
                <![CDATA[[TestResult name=SettingTCNo3 status=FAILURE method=TM_SettingTab.SettingTCNo3()[pri:0, instance:tests.TM_SettingTab@41fe9859] output={null}]]]>
              </value>
            </param>
          </params>
          <reporter-output>
          </reporter-output>
        </test-method> <!-- runAfterMethod -->
        <test-method status="PASS" signature="SettingTCNo4()[pri:0, instance:tests.TM_SettingTab@41fe9859]" name="SettingTCNo4" duration-ms="4303" started-at="2018-10-31T08:46:30Z" finished-at="2018-10-31T08:46:34Z">
          <reporter-output>
          </reporter-output>
        </test-method> <!-- SettingTCNo4 -->
        <test-method status="PASS" signature="runAfterMethod(org.testng.ITestResult)[pri:0, instance:tests.TM_SettingTab@41fe9859]" name="runAfterMethod" is-config="true" duration-ms="3548" started-at="2018-10-31T08:46:34Z" finished-at="2018-10-31T08:46:37Z">
          <params>
            <param index="0">
              <value>
                <![CDATA[[TestResult name=SettingTCNo4 status=SUCCESS method=TM_SettingTab.SettingTCNo4()[pri:0, instance:tests.TM_SettingTab@41fe9859] output={null}]]]>
              </value>
            </param>
          </params>
          <reporter-output>
          </reporter-output>
        </test-method> <!-- runAfterMethod -->
        <test-method status="PASS" signature="SettingTCNo5()[pri:0, instance:tests.TM_SettingTab@41fe9859]" name="SettingTCNo5" duration-ms="2" started-at="2018-10-31T08:46:37Z" finished-at="2018-10-31T08:46:37Z">
          <reporter-output>
          </reporter-output>
        </test-method> <!-- SettingTCNo5 -->
        <test-method status="PASS" signature="runAfterMethod(org.testng.ITestResult)[pri:0, instance:tests.TM_SettingTab@41fe9859]" name="runAfterMethod" is-config="true" duration-ms="3541" started-at="2018-10-31T08:46:37Z" finished-at="2018-10-31T08:46:41Z">
          <params>
            <param index="0">
              <value>
                <![CDATA[[TestResult name=SettingTCNo5 status=SUCCESS method=TM_SettingTab.SettingTCNo5()[pri:0, instance:tests.TM_SettingTab@41fe9859] output={null}]]]>
              </value>
            </param>
          </params>
          <reporter-output>
          </reporter-output>
        </test-method> <!-- runAfterMethod -->
        <test-method status="FAIL" signature="SettingTCNo6()[pri:0, instance:tests.TM_SettingTab@41fe9859]" name="SettingTCNo6" duration-ms="6761" started-at="2018-10-31T08:46:41Z" finished-at="2018-10-31T08:46:48Z">
          <exception class="java.lang.AssertionError">
            <message>
              <![CDATA[expected [4.0.0 (53)] but found [4.0.0 (50)]]]>
            </message>
            <full-stacktrace>
              <![CDATA[java.lang.AssertionError: expected [4.0.0 (53)] but found [4.0.0 (50)]
at org.testng.Assert.fail(Assert.java:96)
at org.testng.Assert.failNotEquals(Assert.java:776)
at org.testng.Assert.assertEqualsImpl(Assert.java:137)
at org.testng.Assert.assertEquals(Assert.java:118)
at org.testng.Assert.assertEquals(Assert.java:453)
at org.testng.Assert.assertEquals(Assert.java:463)
at elements.SettingElements.assertSettingResult(SettingElements.java:180)
at elements.SettingElements.checkAppVersion(SettingElements.java:194)
at pages.SettingTab.TestCaseNo6(SettingTab.java:93)
at tests.TM_SettingTab.SettingTCNo6(TM_SettingTab.java:27)
at sun.reflect.NativeMethodAccessorImpl.invoke0(Native Method)
at sun.reflect.NativeMethodAccessorImpl.invoke(NativeMethodAccessorImpl.java:62)
at sun.reflect.DelegatingMethodAccessorImpl.invoke(DelegatingMethodAccessorImpl.java:43)
at java.lang.reflect.Method.invoke(Method.java:498)
at org.testng.internal.MethodInvocationHelper.invokeMethod(MethodInvocationHelper.java:124)
at org.testng.internal.Invoker.invokeMethod(Invoker.java:583)
at org.testng.internal.Invoker.invokeTestMethod(Invoker.java:719)
at org.testng.internal.Invoker.invokeTestMethods(Invoker.java:989)
at org.testng.internal.TestMethodWorker.invokeTestMethods(TestMethodWorker.java:125)
at org.testng.internal.TestMethodWorker.run(TestMethodWorker.java:109)
at org.testng.TestRunner.privateRun(TestRunner.java:648)
at org.testng.TestRunner.run(TestRunner.java:505)
at org.testng.SuiteRunner.runTest(SuiteRunner.java:455)
at org.testng.SuiteRunner.runSequentially(SuiteRunner.java:450)
at org.testng.SuiteRunner.privateRun(SuiteRunner.java:415)
at org.testng.SuiteRunner.run(SuiteRunner.java:364)
at org.testng.SuiteRunnerWorker.runSuite(SuiteRunnerWorker.java:52)
at org.testng.SuiteRunnerWorker.run(SuiteRunnerWorker.java:84)
at org.testng.TestNG.runSuitesSequentially(TestNG.java:1208)
at org.testng.TestNG.runSuitesSequentially(TestNG.java:1204)
at org.testng.TestNG.runSuitesLocally(TestNG.java:1137)
at org.testng.TestNG.runSuites(TestNG.java:1049)
at org.testng.TestNG.run(TestNG.java:1017)
at org.apache.maven.surefire.testng.TestNGExecutor.run(TestNGExecutor.java:283)
at org.apache.maven.surefire.testng.TestNGXmlTestSuite.execute(TestNGXmlTestSuite.java:75)
at org.apache.maven.surefire.testng.TestNGProvider.invoke(TestNGProvider.java:120)
at org.apache.maven.surefire.booter.ForkedBooter.invokeProviderInSameClassLoader(ForkedBooter.java:386)
at org.apache.maven.surefire.booter.ForkedBooter.runSuitesInProcess(ForkedBooter.java:323)
at org.apache.maven.surefire.booter.ForkedBooter.main(ForkedBooter.java:143)
]]>
            </full-stacktrace>
          </exception> <!-- java.lang.AssertionError -->
          <reporter-output>
          </reporter-output>
        </test-method> <!-- SettingTCNo6 -->
        <test-method status="PASS" signature="runAfterMethod(org.testng.ITestResult)[pri:0, instance:tests.TM_SettingTab@41fe9859]" name="runAfterMethod" is-config="true" duration-ms="9109" started-at="2018-10-31T08:46:48Z" finished-at="2018-10-31T08:46:57Z">
          <params>
            <param index="0">
              <value>
                <![CDATA[[TestResult name=SettingTCNo6 status=FAILURE method=TM_SettingTab.SettingTCNo6()[pri:0, instance:tests.TM_SettingTab@41fe9859] output={null}]]]>
              </value>
            </param>
          </params>
          <reporter-output>
          </reporter-output>
        </test-method> <!-- runAfterMethod -->
        <test-method status="PASS" signature="SettingTCNo7()[pri:0, instance:tests.TM_SettingTab@41fe9859]" name="SettingTCNo7" duration-ms="8269" started-at="2018-10-31T08:46:57Z" finished-at="2018-10-31T08:47:05Z">
          <reporter-output>
          </reporter-output>
        </test-method> <!-- SettingTCNo7 -->
        <test-method status="PASS" signature="runAfterMethod(org.testng.ITestResult)[pri:0, instance:tests.TM_SettingTab@41fe9859]" name="runAfterMethod" is-config="true" duration-ms="3858" started-at="2018-10-31T08:47:05Z" finished-at="2018-10-31T08:47:09Z">
          <params>
            <param index="0">
              <value>
                <![CDATA[[TestResult name=SettingTCNo7 status=SUCCESS method=TM_SettingTab.SettingTCNo7()[pri:0, instance:tests.TM_SettingTab@41fe9859] output={null}]]]>
              </value>
            </param>
          </params>
          <reporter-output>
          </reporter-output>
        </test-method> <!-- runAfterMethod -->
        <test-method status="PASS" signature="tearDown()[pri:0, instance:tests.TM_SettingTab@41fe9859]" name="tearDown" is-config="true" duration-ms="11013" started-at="2018-10-31T08:47:09Z" finished-at="2018-10-31T08:47:20Z">
          <reporter-output>
          </reporter-output>
        </test-method> <!-- tearDown -->
      </class> <!-- tests.TM_SettingTab -->
    </test> <!-- SettingTabTest -->
  </suite> <!-- SettingTabSuite -->
  <suite name="AndroidSuite" duration-ms="0" started-at="2018-10-31T09:16:19Z" finished-at="2018-10-31T09:16:19Z">
    <groups>
    </groups>
  </suite> <!-- AndroidSuite -->
  <suite name="RatingModuleSuite" duration-ms="827812" started-at="2018-10-31T09:02:31Z" finished-at="2018-10-31T09:16:18Z">
    <groups>
    </groups>
    <test name="RatingModuleTest" duration-ms="827812" started-at="2018-10-31T09:02:31Z" finished-at="2018-10-31T09:16:18Z">
      <class name="tests.TM_RatingModule">
        <test-method status="PASS" signature="setUp(org.testng.ITestContext)[pri:0, instance:tests.TM_RatingModule@6865c751]" name="setUp" is-config="true" duration-ms="67977" started-at="2018-10-31T09:02:31Z" finished-at="2018-10-31T09:03:39Z">
          <params>
            <param index="0">
              <value>
                <![CDATA[org.testng.TestRunner@58e4cca1]]>
              </value>
            </param>
          </params>
          <reporter-output>
          </reporter-output>
        </test-method> <!-- setUp -->
        <test-method status="FAIL" signature="RatingModuleTCNo1()[pri:0, instance:tests.TM_RatingModule@6865c751]" name="RatingModuleTCNo1" duration-ms="166664" started-at="2018-10-31T09:03:39Z" finished-at="2018-10-31T09:06:25Z">
          <exception class="org.openqa.selenium.WebDriverException">
            <message>
              <![CDATA[Appium error: An unknown server-side error occurred while processing the command. Original error: Swipe did not complete successfully (WARNING: The server did not provide any stacktrace information)
Command duration or timeout: 0 milliseconds
Build info: version: '3.12.0', revision: '7c6e0b3', time: '2018-05-08T14:04:26.12Z'
System info: host: 'LAPTOP057', ip: '172.16.0.105', os.name: 'Windows 10', os.arch: 'amd64', os.version: '10.0', java.version: '1.8.0_131'
Driver info: io.appium.java_client.android.AndroidDriver
Capabilities {64bit: false, acceptSslCert: false, acceptSslCerts: false, appActivity: com.ap.philly.Views.MainAct..., appPackage: com.ap.philly, appium_port: 38082, automationName: uiautomator2, browserstack.appiumLogs: true, browserstack.callbackStop: true, browserstack.debug: true, browserstack.deviceLogs: true, browserstack.ie.noFlash: false, browserstack.minOSVersion: 4.1, browserstack.tunnelIdentifier: , browserstack.video: true, browserstack.video.disableWaterMark: true, bundleID: com.ap.philly, device: google pixel, deviceName: google pixel, javascriptEnabled: true, mobile: {browser: mobile, version: Google Pixel-7.1}, nativeWebScreenshot: true, newCommandTimeout: 100, orig_os: android, os_version: 7.1, platform: ANDROID, platformName: ANDROID, proxy_type: node, realMobile: true, systemPort: 8202, udid: FA69J0313980, version: }
Session ID: fcf8a141f6e7f10ade63dd712ab8fcd7aa46e8b7]]>
            </message>
            <full-stacktrace>
              <![CDATA[org.openqa.selenium.WebDriverException: Appium error: An unknown server-side error occurred while processing the command. Original error: Swipe did not complete successfully (WARNING: The server did not provide any stacktrace information)
Command duration or timeout: 0 milliseconds
Build info: version: '3.12.0', revision: '7c6e0b3', time: '2018-05-08T14:04:26.12Z'
System info: host: 'LAPTOP057', ip: '172.16.0.105', os.name: 'Windows 10', os.arch: 'amd64', os.version: '10.0', java.version: '1.8.0_131'
Driver info: io.appium.java_client.android.AndroidDriver
Capabilities {64bit: false, acceptSslCert: false, acceptSslCerts: false, appActivity: com.ap.philly.Views.MainAct..., appPackage: com.ap.philly, appium_port: 38082, automationName: uiautomator2, browserstack.appiumLogs: true, browserstack.callbackStop: true, browserstack.debug: true, browserstack.deviceLogs: true, browserstack.ie.noFlash: false, browserstack.minOSVersion: 4.1, browserstack.tunnelIdentifier: , browserstack.video: true, browserstack.video.disableWaterMark: true, bundleID: com.ap.philly, device: google pixel, deviceName: google pixel, javascriptEnabled: true, mobile: {browser: mobile, version: Google Pixel-7.1}, nativeWebScreenshot: true, newCommandTimeout: 100, orig_os: android, os_version: 7.1, platform: ANDROID, platformName: ANDROID, proxy_type: node, realMobile: true, systemPort: 8202, udid: FA69J0313980, version: }
Session ID: fcf8a141f6e7f10ade63dd712ab8fcd7aa46e8b7
at sun.reflect.NativeConstructorAccessorImpl.newInstance0(Native Method)
at sun.reflect.NativeConstructorAccessorImpl.newInstance(NativeConstructorAccessorImpl.java:62)
at sun.reflect.DelegatingConstructorAccessorImpl.newInstance(DelegatingConstructorAccessorImpl.java:45)
at java.lang.reflect.Constructor.newInstance(Constructor.java:423)
at org.openqa.selenium.remote.ErrorHandler.createThrowable(ErrorHandler.java:214)
at org.openqa.selenium.remote.ErrorHandler.throwIfResponseFailed(ErrorHandler.java:166)
at org.openqa.selenium.remote.http.JsonHttpResponseCodec.reconstructValue(JsonHttpResponseCodec.java:40)
at org.openqa.selenium.remote.http.AbstractHttpResponseCodec.decode(AbstractHttpResponseCodec.java:80)
at org.openqa.selenium.remote.http.AbstractHttpResponseCodec.decode(AbstractHttpResponseCodec.java:44)
at org.openqa.selenium.remote.HttpCommandExecutor.execute(HttpCommandExecutor.java:158)
at io.appium.java_client.remote.AppiumCommandExecutor.execute(AppiumCommandExecutor.java:218)
at org.openqa.selenium.remote.RemoteWebDriver.execute(RemoteWebDriver.java:543)
at io.appium.java_client.DefaultGenericMobileDriver.execute(DefaultGenericMobileDriver.java:42)
at io.appium.java_client.AppiumDriver.execute(AppiumDriver.java:1)
at io.appium.java_client.android.AndroidDriver.execute(AndroidDriver.java:1)
at io.appium.java_client.PerformsTouchActions.performTouchAction(PerformsTouchActions.java:41)
at io.appium.java_client.TouchAction.perform(TouchAction.java:187)
at utils.Utils.scrollScreen(Utils.java:107)
at pages.RatingModule.TestCaseNo1(RatingModule.java:36)
at tests.TM_RatingModule.RatingModuleTCNo1(TM_RatingModule.java:8)
at sun.reflect.NativeMethodAccessorImpl.invoke0(Native Method)
at sun.reflect.NativeMethodAccessorImpl.invoke(NativeMethodAccessorImpl.java:62)
at sun.reflect.DelegatingMethodAccessorImpl.invoke(DelegatingMethodAccessorImpl.java:43)
at java.lang.reflect.Method.invoke(Method.java:498)
at org.testng.internal.MethodInvocationHelper.invokeMethod(MethodInvocationHelper.java:124)
at org.testng.internal.Invoker.invokeMethod(Invoker.java:583)
at org.testng.internal.Invoker.invokeTestMethod(Invoker.java:719)
at org.testng.internal.Invoker.invokeTestMethods(Invoker.java:989)
at org.testng.internal.TestMethodWorker.invokeTestMethods(TestMethodWorker.java:125)
at org.testng.internal.TestMethodWorker.run(TestMethodWorker.java:109)
at org.testng.TestRunner.privateRun(TestRunner.java:648)
at org.testng.TestRunner.run(TestRunner.java:505)
at org.testng.SuiteRunner.runTest(SuiteRunner.java:455)
at org.testng.SuiteRunner.runSequentially(SuiteRunner.java:450)
at org.testng.SuiteRunner.privateRun(SuiteRunner.java:415)
at org.testng.SuiteRunner.run(SuiteRunner.java:364)
at org.testng.SuiteRunnerWorker.runSuite(SuiteRunnerWorker.java:52)
at org.testng.SuiteRunnerWorker.run(SuiteRunnerWorker.java:84)
at org.testng.TestNG.runSuitesSequentially(TestNG.java:1208)
at org.testng.TestNG.runSuitesSequentially(TestNG.java:1204)
at org.testng.TestNG.runSuitesLocally(TestNG.java:1137)
at org.testng.TestNG.runSuites(TestNG.java:1049)
at org.testng.TestNG.run(TestNG.java:1017)
at org.apache.maven.surefire.testng.TestNGExecutor.run(TestNGExecutor.java:283)
at org.apache.maven.surefire.testng.TestNGXmlTestSuite.execute(TestNGXmlTestSuite.java:75)
at org.apache.maven.surefire.testng.TestNGProvider.invoke(TestNGProvider.java:120)
at org.apache.maven.surefire.booter.ForkedBooter.invokeProviderInSameClassLoader(ForkedBooter.java:386)
at org.apache.maven.surefire.booter.ForkedBooter.runSuitesInProcess(ForkedBooter.java:323)
at org.apache.maven.surefire.booter.ForkedBooter.main(ForkedBooter.java:143)
]]>
            </full-stacktrace>
          </exception> <!-- org.openqa.selenium.WebDriverException -->
          <reporter-output>
          </reporter-output>
        </test-method> <!-- RatingModuleTCNo1 -->
        <test-method status="PASS" signature="runAfterMethod(org.testng.ITestResult)[pri:0, instance:tests.TM_RatingModule@6865c751]" name="runAfterMethod" is-config="true" duration-ms="6681" started-at="2018-10-31T09:06:25Z" finished-at="2018-10-31T09:06:32Z">
          <params>
            <param index="0">
              <value>
                <![CDATA[[TestResult name=RatingModuleTCNo1 status=FAILURE method=TM_RatingModule.RatingModuleTCNo1()[pri:0, instance:tests.TM_RatingModule@6865c751] output={null}]]]>
              </value>
            </param>
          </params>
          <reporter-output>
          </reporter-output>
        </test-method> <!-- runAfterMethod -->
        <test-method status="FAIL" signature="RatingModuleTCNo2()[pri:0, instance:tests.TM_RatingModule@6865c751]" name="RatingModuleTCNo2" duration-ms="181043" started-at="2018-10-31T09:06:32Z" finished-at="2018-10-31T09:09:33Z">
          <exception class="org.openqa.selenium.WebDriverException">
            <message>
              <![CDATA[Appium error: An unknown server-side error occurred while processing the command. Original error: Swipe did not complete successfully (WARNING: The server did not provide any stacktrace information)
Command duration or timeout: 0 milliseconds
Build info: version: '3.12.0', revision: '7c6e0b3', time: '2018-05-08T14:04:26.12Z'
System info: host: 'LAPTOP057', ip: '172.16.0.105', os.name: 'Windows 10', os.arch: 'amd64', os.version: '10.0', java.version: '1.8.0_131'
Driver info: io.appium.java_client.android.AndroidDriver
Capabilities {64bit: false, acceptSslCert: false, acceptSslCerts: false, appActivity: com.ap.philly.Views.MainAct..., appPackage: com.ap.philly, appium_port: 38082, automationName: uiautomator2, browserstack.appiumLogs: true, browserstack.callbackStop: true, browserstack.debug: true, browserstack.deviceLogs: true, browserstack.ie.noFlash: false, browserstack.minOSVersion: 4.1, browserstack.tunnelIdentifier: , browserstack.video: true, browserstack.video.disableWaterMark: true, bundleID: com.ap.philly, device: google pixel, deviceName: google pixel, javascriptEnabled: true, mobile: {browser: mobile, version: Google Pixel-7.1}, nativeWebScreenshot: true, newCommandTimeout: 100, orig_os: android, os_version: 7.1, platform: ANDROID, platformName: ANDROID, proxy_type: node, realMobile: true, systemPort: 8202, udid: FA69J0313980, version: }
Session ID: fcf8a141f6e7f10ade63dd712ab8fcd7aa46e8b7]]>
            </message>
            <full-stacktrace>
              <![CDATA[org.openqa.selenium.WebDriverException: Appium error: An unknown server-side error occurred while processing the command. Original error: Swipe did not complete successfully (WARNING: The server did not provide any stacktrace information)
Command duration or timeout: 0 milliseconds
Build info: version: '3.12.0', revision: '7c6e0b3', time: '2018-05-08T14:04:26.12Z'
System info: host: 'LAPTOP057', ip: '172.16.0.105', os.name: 'Windows 10', os.arch: 'amd64', os.version: '10.0', java.version: '1.8.0_131'
Driver info: io.appium.java_client.android.AndroidDriver
Capabilities {64bit: false, acceptSslCert: false, acceptSslCerts: false, appActivity: com.ap.philly.Views.MainAct..., appPackage: com.ap.philly, appium_port: 38082, automationName: uiautomator2, browserstack.appiumLogs: true, browserstack.callbackStop: true, browserstack.debug: true, browserstack.deviceLogs: true, browserstack.ie.noFlash: false, browserstack.minOSVersion: 4.1, browserstack.tunnelIdentifier: , browserstack.video: true, browserstack.video.disableWaterMark: true, bundleID: com.ap.philly, device: google pixel, deviceName: google pixel, javascriptEnabled: true, mobile: {browser: mobile, version: Google Pixel-7.1}, nativeWebScreenshot: true, newCommandTimeout: 100, orig_os: android, os_version: 7.1, platform: ANDROID, platformName: ANDROID, proxy_type: node, realMobile: true, systemPort: 8202, udid: FA69J0313980, version: }
Session ID: fcf8a141f6e7f10ade63dd712ab8fcd7aa46e8b7
at sun.reflect.NativeConstructorAccessorImpl.newInstance0(Native Method)
at sun.reflect.NativeConstructorAccessorImpl.newInstance(NativeConstructorAccessorImpl.java:62)
at sun.reflect.DelegatingConstructorAccessorImpl.newInstance(DelegatingConstructorAccessorImpl.java:45)
at java.lang.reflect.Constructor.newInstance(Constructor.java:423)
at org.openqa.selenium.remote.ErrorHandler.createThrowable(ErrorHandler.java:214)
at org.openqa.selenium.remote.ErrorHandler.throwIfResponseFailed(ErrorHandler.java:166)
at org.openqa.selenium.remote.http.JsonHttpResponseCodec.reconstructValue(JsonHttpResponseCodec.java:40)
at org.openqa.selenium.remote.http.AbstractHttpResponseCodec.decode(AbstractHttpResponseCodec.java:80)
at org.openqa.selenium.remote.http.AbstractHttpResponseCodec.decode(AbstractHttpResponseCodec.java:44)
at org.openqa.selenium.remote.HttpCommandExecutor.execute(HttpCommandExecutor.java:158)
at io.appium.java_client.remote.AppiumCommandExecutor.execute(AppiumCommandExecutor.java:218)
at org.openqa.selenium.remote.RemoteWebDriver.execute(RemoteWebDriver.java:543)
at io.appium.java_client.DefaultGenericMobileDriver.execute(DefaultGenericMobileDriver.java:42)
at io.appium.java_client.AppiumDriver.execute(AppiumDriver.java:1)
at io.appium.java_client.android.AndroidDriver.execute(AndroidDriver.java:1)
at io.appium.java_client.PerformsTouchActions.performTouchAction(PerformsTouchActions.java:41)
at io.appium.java_client.TouchAction.perform(TouchAction.java:187)
at utils.Utils.scrollScreen(Utils.java:107)
at pages.RatingModule.TestCaseNo2(RatingModule.java:59)
at tests.TM_RatingModule.RatingModuleTCNo2(TM_RatingModule.java:13)
at sun.reflect.NativeMethodAccessorImpl.invoke0(Native Method)
at sun.reflect.NativeMethodAccessorImpl.invoke(NativeMethodAccessorImpl.java:62)
at sun.reflect.DelegatingMethodAccessorImpl.invoke(DelegatingMethodAccessorImpl.java:43)
at java.lang.reflect.Method.invoke(Method.java:498)
at org.testng.internal.MethodInvocationHelper.invokeMethod(MethodInvocationHelper.java:124)
at org.testng.internal.Invoker.invokeMethod(Invoker.java:583)
at org.testng.internal.Invoker.invokeTestMethod(Invoker.java:719)
at org.testng.internal.Invoker.invokeTestMethods(Invoker.java:989)
at org.testng.internal.TestMethodWorker.invokeTestMethods(TestMethodWorker.java:125)
at org.testng.internal.TestMethodWorker.run(TestMethodWorker.java:109)
at org.testng.TestRunner.privateRun(TestRunner.java:648)
at org.testng.TestRunner.run(TestRunner.java:505)
at org.testng.SuiteRunner.runTest(SuiteRunner.java:455)
at org.testng.SuiteRunner.runSequentially(SuiteRunner.java:450)
at org.testng.SuiteRunner.privateRun(SuiteRunner.java:415)
at org.testng.SuiteRunner.run(SuiteRunner.java:364)
at org.testng.SuiteRunnerWorker.runSuite(SuiteRunnerWorker.java:52)
at org.testng.SuiteRunnerWorker.run(SuiteRunnerWorker.java:84)
at org.testng.TestNG.runSuitesSequentially(TestNG.java:1208)
at org.testng.TestNG.runSuitesSequentially(TestNG.java:1204)
at org.testng.TestNG.runSuitesLocally(TestNG.java:1137)
at org.testng.TestNG.runSuites(TestNG.java:1049)
at org.testng.TestNG.run(TestNG.java:1017)
at org.apache.maven.surefire.testng.TestNGExecutor.run(TestNGExecutor.java:283)
at org.apache.maven.surefire.testng.TestNGXmlTestSuite.execute(TestNGXmlTestSuite.java:75)
at org.apache.maven.surefire.testng.TestNGProvider.invoke(TestNGProvider.java:120)
at org.apache.maven.surefire.booter.ForkedBooter.invokeProviderInSameClassLoader(ForkedBooter.java:386)
at org.apache.maven.surefire.booter.ForkedBooter.runSuitesInProcess(ForkedBooter.java:323)
at org.apache.maven.surefire.booter.ForkedBooter.main(ForkedBooter.java:143)
]]>
            </full-stacktrace>
          </exception> <!-- org.openqa.selenium.WebDriverException -->
          <reporter-output>
          </reporter-output>
        </test-method> <!-- RatingModuleTCNo2 -->
        <test-method status="PASS" signature="runAfterMethod(org.testng.ITestResult)[pri:0, instance:tests.TM_RatingModule@6865c751]" name="runAfterMethod" is-config="true" duration-ms="6680" started-at="2018-10-31T09:09:33Z" finished-at="2018-10-31T09:09:40Z">
          <params>
            <param index="0">
              <value>
                <![CDATA[[TestResult name=RatingModuleTCNo2 status=FAILURE method=TM_RatingModule.RatingModuleTCNo2()[pri:0, instance:tests.TM_RatingModule@6865c751] output={null}]]]>
              </value>
            </param>
          </params>
          <reporter-output>
          </reporter-output>
        </test-method> <!-- runAfterMethod -->
        <test-method status="FAIL" signature="RatingModuleTCNo3()[pri:0, instance:tests.TM_RatingModule@6865c751]" name="RatingModuleTCNo3" duration-ms="137314" started-at="2018-10-31T09:09:40Z" finished-at="2018-10-31T09:11:57Z">
          <exception class="org.openqa.selenium.WebDriverException">
            <message>
              <![CDATA[Appium error: An unknown server-side error occurred while processing the command. Original error: Swipe did not complete successfully (WARNING: The server did not provide any stacktrace information)
Command duration or timeout: 0 milliseconds
Build info: version: '3.12.0', revision: '7c6e0b3', time: '2018-05-08T14:04:26.12Z'
System info: host: 'LAPTOP057', ip: '172.16.0.105', os.name: 'Windows 10', os.arch: 'amd64', os.version: '10.0', java.version: '1.8.0_131'
Driver info: io.appium.java_client.android.AndroidDriver
Capabilities {64bit: false, acceptSslCert: false, acceptSslCerts: false, appActivity: com.ap.philly.Views.MainAct..., appPackage: com.ap.philly, appium_port: 38082, automationName: uiautomator2, browserstack.appiumLogs: true, browserstack.callbackStop: true, browserstack.debug: true, browserstack.deviceLogs: true, browserstack.ie.noFlash: false, browserstack.minOSVersion: 4.1, browserstack.tunnelIdentifier: , browserstack.video: true, browserstack.video.disableWaterMark: true, bundleID: com.ap.philly, device: google pixel, deviceName: google pixel, javascriptEnabled: true, mobile: {browser: mobile, version: Google Pixel-7.1}, nativeWebScreenshot: true, newCommandTimeout: 100, orig_os: android, os_version: 7.1, platform: ANDROID, platformName: ANDROID, proxy_type: node, realMobile: true, systemPort: 8202, udid: FA69J0313980, version: }
Session ID: fcf8a141f6e7f10ade63dd712ab8fcd7aa46e8b7]]>
            </message>
            <full-stacktrace>
              <![CDATA[org.openqa.selenium.WebDriverException: Appium error: An unknown server-side error occurred while processing the command. Original error: Swipe did not complete successfully (WARNING: The server did not provide any stacktrace information)
Command duration or timeout: 0 milliseconds
Build info: version: '3.12.0', revision: '7c6e0b3', time: '2018-05-08T14:04:26.12Z'
System info: host: 'LAPTOP057', ip: '172.16.0.105', os.name: 'Windows 10', os.arch: 'amd64', os.version: '10.0', java.version: '1.8.0_131'
Driver info: io.appium.java_client.android.AndroidDriver
Capabilities {64bit: false, acceptSslCert: false, acceptSslCerts: false, appActivity: com.ap.philly.Views.MainAct..., appPackage: com.ap.philly, appium_port: 38082, automationName: uiautomator2, browserstack.appiumLogs: true, browserstack.callbackStop: true, browserstack.debug: true, browserstack.deviceLogs: true, browserstack.ie.noFlash: false, browserstack.minOSVersion: 4.1, browserstack.tunnelIdentifier: , browserstack.video: true, browserstack.video.disableWaterMark: true, bundleID: com.ap.philly, device: google pixel, deviceName: google pixel, javascriptEnabled: true, mobile: {browser: mobile, version: Google Pixel-7.1}, nativeWebScreenshot: true, newCommandTimeout: 100, orig_os: android, os_version: 7.1, platform: ANDROID, platformName: ANDROID, proxy_type: node, realMobile: true, systemPort: 8202, udid: FA69J0313980, version: }
Session ID: fcf8a141f6e7f10ade63dd712ab8fcd7aa46e8b7
at sun.reflect.NativeConstructorAccessorImpl.newInstance0(Native Method)
at sun.reflect.NativeConstructorAccessorImpl.newInstance(NativeConstructorAccessorImpl.java:62)
at sun.reflect.DelegatingConstructorAccessorImpl.newInstance(DelegatingConstructorAccessorImpl.java:45)
at java.lang.reflect.Constructor.newInstance(Constructor.java:423)
at org.openqa.selenium.remote.ErrorHandler.createThrowable(ErrorHandler.java:214)
at org.openqa.selenium.remote.ErrorHandler.throwIfResponseFailed(ErrorHandler.java:166)
at org.openqa.selenium.remote.http.JsonHttpResponseCodec.reconstructValue(JsonHttpResponseCodec.java:40)
at org.openqa.selenium.remote.http.AbstractHttpResponseCodec.decode(AbstractHttpResponseCodec.java:80)
at org.openqa.selenium.remote.http.AbstractHttpResponseCodec.decode(AbstractHttpResponseCodec.java:44)
at org.openqa.selenium.remote.HttpCommandExecutor.execute(HttpCommandExecutor.java:158)
at io.appium.java_client.remote.AppiumCommandExecutor.execute(AppiumCommandExecutor.java:218)
at org.openqa.selenium.remote.RemoteWebDriver.execute(RemoteWebDriver.java:543)
at io.appium.java_client.DefaultGenericMobileDriver.execute(DefaultGenericMobileDriver.java:42)
at io.appium.java_client.AppiumDriver.execute(AppiumDriver.java:1)
at io.appium.java_client.android.AndroidDriver.execute(AndroidDriver.java:1)
at io.appium.java_client.PerformsTouchActions.performTouchAction(PerformsTouchActions.java:41)
at io.appium.java_client.TouchAction.perform(TouchAction.java:187)
at utils.Utils.scrollScreen(Utils.java:107)
at pages.RatingModule.TestCaseNo3(RatingModule.java:88)
at tests.TM_RatingModule.RatingModuleTCNo3(TM_RatingModule.java:18)
at sun.reflect.NativeMethodAccessorImpl.invoke0(Native Method)
at sun.reflect.NativeMethodAccessorImpl.invoke(NativeMethodAccessorImpl.java:62)
at sun.reflect.DelegatingMethodAccessorImpl.invoke(DelegatingMethodAccessorImpl.java:43)
at java.lang.reflect.Method.invoke(Method.java:498)
at org.testng.internal.MethodInvocationHelper.invokeMethod(MethodInvocationHelper.java:124)
at org.testng.internal.Invoker.invokeMethod(Invoker.java:583)
at org.testng.internal.Invoker.invokeTestMethod(Invoker.java:719)
at org.testng.internal.Invoker.invokeTestMethods(Invoker.java:989)
at org.testng.internal.TestMethodWorker.invokeTestMethods(TestMethodWorker.java:125)
at org.testng.internal.TestMethodWorker.run(TestMethodWorker.java:109)
at org.testng.TestRunner.privateRun(TestRunner.java:648)
at org.testng.TestRunner.run(TestRunner.java:505)
at org.testng.SuiteRunner.runTest(SuiteRunner.java:455)
at org.testng.SuiteRunner.runSequentially(SuiteRunner.java:450)
at org.testng.SuiteRunner.privateRun(SuiteRunner.java:415)
at org.testng.SuiteRunner.run(SuiteRunner.java:364)
at org.testng.SuiteRunnerWorker.runSuite(SuiteRunnerWorker.java:52)
at org.testng.SuiteRunnerWorker.run(SuiteRunnerWorker.java:84)
at org.testng.TestNG.runSuitesSequentially(TestNG.java:1208)
at org.testng.TestNG.runSuitesSequentially(TestNG.java:1204)
at org.testng.TestNG.runSuitesLocally(TestNG.java:1137)
at org.testng.TestNG.runSuites(TestNG.java:1049)
at org.testng.TestNG.run(TestNG.java:1017)
at org.apache.maven.surefire.testng.TestNGExecutor.run(TestNGExecutor.java:283)
at org.apache.maven.surefire.testng.TestNGXmlTestSuite.execute(TestNGXmlTestSuite.java:75)
at org.apache.maven.surefire.testng.TestNGProvider.invoke(TestNGProvider.java:120)
at org.apache.maven.surefire.booter.ForkedBooter.invokeProviderInSameClassLoader(ForkedBooter.java:386)
at org.apache.maven.surefire.booter.ForkedBooter.runSuitesInProcess(ForkedBooter.java:323)
at org.apache.maven.surefire.booter.ForkedBooter.main(ForkedBooter.java:143)
]]>
            </full-stacktrace>
          </exception> <!-- org.openqa.selenium.WebDriverException -->
          <reporter-output>
          </reporter-output>
        </test-method> <!-- RatingModuleTCNo3 -->
        <test-method status="PASS" signature="runAfterMethod(org.testng.ITestResult)[pri:0, instance:tests.TM_RatingModule@6865c751]" name="runAfterMethod" is-config="true" duration-ms="6983" started-at="2018-10-31T09:11:57Z" finished-at="2018-10-31T09:12:04Z">
          <params>
            <param index="0">
              <value>
                <![CDATA[[TestResult name=RatingModuleTCNo3 status=FAILURE method=TM_RatingModule.RatingModuleTCNo3()[pri:0, instance:tests.TM_RatingModule@6865c751] output={null}]]]>
              </value>
            </param>
          </params>
          <reporter-output>
          </reporter-output>
        </test-method> <!-- runAfterMethod -->
        <test-method status="FAIL" signature="RatingModuleTCNo4()[pri:0, instance:tests.TM_RatingModule@6865c751]" name="RatingModuleTCNo4" duration-ms="186427" started-at="2018-10-31T09:12:04Z" finished-at="2018-10-31T09:15:10Z">
          <exception class="org.openqa.selenium.StaleElementReferenceException">
            <message>
              <![CDATA[android.support.test.uiautomator.StaleObjectException
at android.support.test.uiautomator.UiObject2.getAccessibilityNodeInfo(UiObject2.java:629)
at android.support.test.uiautomator.UiObject2.getVisibleBounds(UiObject2.java:210)
at android.support.test.uiautomator.UiObject2.getVisibleCenter(UiObject2.java:251)
at android.support.test.uiautomator.UiObject2.click(UiObject2.java:343)
at io.appium.uiautomator2.model.UiObject2Element.click(UiObject2Element.java:44)
at io.appium.uiautomator2.handler.Click.safeHandle(Click.java:40)
at io.appium.uiautomator2.handler.request.SafeRequestHandler.handle(SafeRequestHandler.java:56)
at io.appium.uiautomator2.server.AppiumServlet.handleRequest(AppiumServlet.java:202)
at io.appium.uiautomator2.server.AppiumServlet.handleHttpRequest(AppiumServlet.java:193)
at io.appium.uiautomator2.http.ServerHandler.channelRead(ServerHandler.java:44)
at io.netty.channel.AbstractChannelHandlerContext.invokeChannelRead(AbstractChannelHandlerContext.java:366)
at io.netty.channel.AbstractChannelHandlerContext.invokeChannelRead(AbstractChannelHandlerContext.java:352)
at io.netty.channel.AbstractChannelHandlerContext.fireChannelRead(AbstractChannelHandlerContext.java:345)
at io.netty.handler.codec.MessageToMessageDecoder.channelRead(MessageToMessageDecoder.java:102)
at io.netty.channel.AbstractChannelHandlerContext.invokeChannelRead(AbstractChannelHandlerContext.java:366)
at io.netty.channel.AbstractChannelHandlerContext.invokeChannelRead(AbstractChannelHandlerContext.java:352)
at io.netty.channel.AbstractChannelHandlerContext.fireChannelRead(AbstractChannelHandlerContext.java:345)
at io.netty.channel.CombinedChannelDuplexHandler$DelegatingChannelHandlerContext.fireChannelRead(CombinedChannelDuplexHandler.java:435)
at io.netty.handler.codec.ByteToMessageDecoder.fireChannelRead(ByteToMessageDecoder.java:293)
at io.netty.handler.codec.ByteToMessageDecoder.channelRead(ByteToMessageDecoder.java:267)
at io.netty.channel.CombinedChannelDuplexHandler.channelRead(CombinedChannelDuplexHandler.java:250)
at io.netty.channel.AbstractChannelHandlerContext.invokeChannelRead(AbstractChannelHandlerContext.java:366)
at io.netty.channel.AbstractChannelHandlerContext.invokeChannelRead(AbstractChannelHandlerContext.java:352)
at io.netty.channel.AbstractChannelHandlerContext.fireChannelRead(AbstractChannelHandlerContext.java:345)
at io.netty.channel.DefaultChannelPipeline$HeadContext.channelRead(DefaultChannelPipeline.java:1294)
at io.netty.channel.AbstractChannelHandlerContext.invokeChannelRead(AbstractChannelHandlerContext.java:366)
at io.netty.channel.AbstractChannelHandlerContext.invokeChannelRead(AbstractChannelHandlerContext.java:352)
at io.netty.channel.DefaultChannelPipeline.fireChannelRead(DefaultChannelPipeline.java:911)
at io.netty.channel.nio.AbstractNioByteChannel$NioByteUnsafe.read(AbstractNioByteChannel.java:131)
at io.netty.channel.nio.NioEventLoop.processSelectedKey(NioEventLoop.java:611)
at io.netty.channel.nio.NioEventLoop.processSelectedKeysOptimized(NioEventLoop.java:552)
at io.netty.channel.nio.NioEventLoop.processSelectedKeys(NioEventLoop.java:466)
at io.netty.channel.nio.NioEventLoop.run(NioEventLoop.java:438)
at io.netty.util.concurrent.SingleThreadEventExecutor$2.run(SingleThreadEventExecutor.java:140)
at io.netty.util.concurrent.DefaultThreadFactory$DefaultRunnableDecorator.run(DefaultThreadFactory.java:144)
at java.lang.Thread.run(Thread.java:761)
 (WARNING: The server did not provide any stacktrace information)
Command duration or timeout: 0 milliseconds
For documentation on this error, please visit: http://seleniumhq.org/exceptions/stale_element_reference.html
Build info: version: '3.12.0', revision: '7c6e0b3', time: '2018-05-08T14:04:26.12Z'
System info: host: 'LAPTOP057', ip: '172.16.0.105', os.name: 'Windows 10', os.arch: 'amd64', os.version: '10.0', java.version: '1.8.0_131'
Driver info: io.appium.java_client.android.AndroidDriver
Capabilities {64bit: false, acceptSslCert: false, acceptSslCerts: false, appActivity: com.ap.philly.Views.MainAct..., appPackage: com.ap.philly, appium_port: 38082, automationName: uiautomator2, browserstack.appiumLogs: true, browserstack.callbackStop: true, browserstack.debug: true, browserstack.deviceLogs: true, browserstack.ie.noFlash: false, browserstack.minOSVersion: 4.1, browserstack.tunnelIdentifier: , browserstack.video: true, browserstack.video.disableWaterMark: true, bundleID: com.ap.philly, device: google pixel, deviceName: google pixel, javascriptEnabled: true, mobile: {browser: mobile, version: Google Pixel-7.1}, nativeWebScreenshot: true, newCommandTimeout: 100, orig_os: android, os_version: 7.1, platform: ANDROID, platformName: ANDROID, proxy_type: node, realMobile: true, systemPort: 8202, udid: FA69J0313980, version: }
Session ID: fcf8a141f6e7f10ade63dd712ab8fcd7aa46e8b7]]>
            </message>
            <full-stacktrace>
              <![CDATA[org.openqa.selenium.StaleElementReferenceException: android.support.test.uiautomator.StaleObjectException
at android.support.test.uiautomator.UiObject2.getAccessibilityNodeInfo(UiObject2.java:629)
at android.support.test.uiautomator.UiObject2.getVisibleBounds(UiObject2.java:210)
at android.support.test.uiautomator.UiObject2.getVisibleCenter(UiObject2.java:251)
at android.support.test.uiautomator.UiObject2.click(UiObject2.java:343)
at io.appium.uiautomator2.model.UiObject2Element.click(UiObject2Element.java:44)
at io.appium.uiautomator2.handler.Click.safeHandle(Click.java:40)
at io.appium.uiautomator2.handler.request.SafeRequestHandler.handle(SafeRequestHandler.java:56)
at io.appium.uiautomator2.server.AppiumServlet.handleRequest(AppiumServlet.java:202)
at io.appium.uiautomator2.server.AppiumServlet.handleHttpRequest(AppiumServlet.java:193)
at io.appium.uiautomator2.http.ServerHandler.channelRead(ServerHandler.java:44)
at io.netty.channel.AbstractChannelHandlerContext.invokeChannelRead(AbstractChannelHandlerContext.java:366)
at io.netty.channel.AbstractChannelHandlerContext.invokeChannelRead(AbstractChannelHandlerContext.java:352)
at io.netty.channel.AbstractChannelHandlerContext.fireChannelRead(AbstractChannelHandlerContext.java:345)
at io.netty.handler.codec.MessageToMessageDecoder.channelRead(MessageToMessageDecoder.java:102)
at io.netty.channel.AbstractChannelHandlerContext.invokeChannelRead(AbstractChannelHandlerContext.java:366)
at io.netty.channel.AbstractChannelHandlerContext.invokeChannelRead(AbstractChannelHandlerContext.java:352)
at io.netty.channel.AbstractChannelHandlerContext.fireChannelRead(AbstractChannelHandlerContext.java:345)
at io.netty.channel.CombinedChannelDuplexHandler$DelegatingChannelHandlerContext.fireChannelRead(CombinedChannelDuplexHandler.java:435)
at io.netty.handler.codec.ByteToMessageDecoder.fireChannelRead(ByteToMessageDecoder.java:293)
at io.netty.handler.codec.ByteToMessageDecoder.channelRead(ByteToMessageDecoder.java:267)
at io.netty.channel.CombinedChannelDuplexHandler.channelRead(CombinedChannelDuplexHandler.java:250)
at io.netty.channel.AbstractChannelHandlerContext.invokeChannelRead(AbstractChannelHandlerContext.java:366)
at io.netty.channel.AbstractChannelHandlerContext.invokeChannelRead(AbstractChannelHandlerContext.java:352)
at io.netty.channel.AbstractChannelHandlerContext.fireChannelRead(AbstractChannelHandlerContext.java:345)
at io.netty.channel.DefaultChannelPipeline$HeadContext.channelRead(DefaultChannelPipeline.java:1294)
at io.netty.channel.AbstractChannelHandlerContext.invokeChannelRead(AbstractChannelHandlerContext.java:366)
at io.netty.channel.AbstractChannelHandlerContext.invokeChannelRead(AbstractChannelHandlerContext.java:352)
at io.netty.channel.DefaultChannelPipeline.fireChannelRead(DefaultChannelPipeline.java:911)
at io.netty.channel.nio.AbstractNioByteChannel$NioByteUnsafe.read(AbstractNioByteChannel.java:131)
at io.netty.channel.nio.NioEventLoop.processSelectedKey(NioEventLoop.java:611)
at io.netty.channel.nio.NioEventLoop.processSelectedKeysOptimized(NioEventLoop.java:552)
at io.netty.channel.nio.NioEventLoop.processSelectedKeys(NioEventLoop.java:466)
at io.netty.channel.nio.NioEventLoop.run(NioEventLoop.java:438)
at io.netty.util.concurrent.SingleThreadEventExecutor$2.run(SingleThreadEventExecutor.java:140)
at io.netty.util.concurrent.DefaultThreadFactory$DefaultRunnableDecorator.run(DefaultThreadFactory.java:144)
at java.lang.Thread.run(Thread.java:761)
 (WARNING: The server did not provide any stacktrace information)
Command duration or timeout: 0 milliseconds
For documentation on this error, please visit: http://seleniumhq.org/exceptions/stale_element_reference.html
Build info: version: '3.12.0', revision: '7c6e0b3', time: '2018-05-08T14:04:26.12Z'
System info: host: 'LAPTOP057', ip: '172.16.0.105', os.name: 'Windows 10', os.arch: 'amd64', os.version: '10.0', java.version: '1.8.0_131'
Driver info: io.appium.java_client.android.AndroidDriver
Capabilities {64bit: false, acceptSslCert: false, acceptSslCerts: false, appActivity: com.ap.philly.Views.MainAct..., appPackage: com.ap.philly, appium_port: 38082, automationName: uiautomator2, browserstack.appiumLogs: true, browserstack.callbackStop: true, browserstack.debug: true, browserstack.deviceLogs: true, browserstack.ie.noFlash: false, browserstack.minOSVersion: 4.1, browserstack.tunnelIdentifier: , browserstack.video: true, browserstack.video.disableWaterMark: true, bundleID: com.ap.philly, device: google pixel, deviceName: google pixel, javascriptEnabled: true, mobile: {browser: mobile, version: Google Pixel-7.1}, nativeWebScreenshot: true, newCommandTimeout: 100, orig_os: android, os_version: 7.1, platform: ANDROID, platformName: ANDROID, proxy_type: node, realMobile: true, systemPort: 8202, udid: FA69J0313980, version: }
Session ID: fcf8a141f6e7f10ade63dd712ab8fcd7aa46e8b7
at sun.reflect.NativeConstructorAccessorImpl.newInstance0(Native Method)
at sun.reflect.NativeConstructorAccessorImpl.newInstance(NativeConstructorAccessorImpl.java:62)
at sun.reflect.DelegatingConstructorAccessorImpl.newInstance(DelegatingConstructorAccessorImpl.java:45)
at java.lang.reflect.Constructor.newInstance(Constructor.java:423)
at org.openqa.selenium.remote.ErrorHandler.createThrowable(ErrorHandler.java:214)
at org.openqa.selenium.remote.ErrorHandler.throwIfResponseFailed(ErrorHandler.java:166)
at org.openqa.selenium.remote.http.JsonHttpResponseCodec.reconstructValue(JsonHttpResponseCodec.java:40)
at org.openqa.selenium.remote.http.AbstractHttpResponseCodec.decode(AbstractHttpResponseCodec.java:80)
at org.openqa.selenium.remote.http.AbstractHttpResponseCodec.decode(AbstractHttpResponseCodec.java:44)
at org.openqa.selenium.remote.HttpCommandExecutor.execute(HttpCommandExecutor.java:158)
at io.appium.java_client.remote.AppiumCommandExecutor.execute(AppiumCommandExecutor.java:218)
at org.openqa.selenium.remote.RemoteWebDriver.execute(RemoteWebDriver.java:543)
at io.appium.java_client.DefaultGenericMobileDriver.execute(DefaultGenericMobileDriver.java:42)
at io.appium.java_client.AppiumDriver.execute(AppiumDriver.java:1)
at io.appium.java_client.android.AndroidDriver.execute(AndroidDriver.java:1)
at org.openqa.selenium.remote.RemoteWebElement.execute(RemoteWebElement.java:276)
at io.appium.java_client.DefaultGenericMobileElement.execute(DefaultGenericMobileElement.java:45)
at io.appium.java_client.MobileElement.execute(MobileElement.java:1)
at io.appium.java_client.android.AndroidElement.execute(AndroidElement.java:1)
at org.openqa.selenium.remote.RemoteWebElement.click(RemoteWebElement.java:83)
at sun.reflect.GeneratedMethodAccessor5.invoke(Unknown Source)
at sun.reflect.DelegatingMethodAccessorImpl.invoke(DelegatingMethodAccessorImpl.java:43)
at java.lang.reflect.Method.invoke(Method.java:498)
at io.appium.java_client.pagefactory.ElementInterceptor.getObject(ElementInterceptor.java:40)
at io.appium.java_client.pagefactory.interceptors.InterceptorOfASingleElement.intercept(InterceptorOfASingleElement.java:61)
at io.appium.java_client.android.AndroidElement$$EnhancerByCGLIB$$b598166c.click(<generated>)
at pages.RatingModule.TestCaseNo4(RatingModule.java:122)
at tests.TM_RatingModule.RatingModuleTCNo4(TM_RatingModule.java:23)
at sun.reflect.NativeMethodAccessorImpl.invoke0(Native Method)
at sun.reflect.NativeMethodAccessorImpl.invoke(NativeMethodAccessorImpl.java:62)
at sun.reflect.DelegatingMethodAccessorImpl.invoke(DelegatingMethodAccessorImpl.java:43)
at java.lang.reflect.Method.invoke(Method.java:498)
at org.testng.internal.MethodInvocationHelper.invokeMethod(MethodInvocationHelper.java:124)
at org.testng.internal.Invoker.invokeMethod(Invoker.java:583)
at org.testng.internal.Invoker.invokeTestMethod(Invoker.java:719)
at org.testng.internal.Invoker.invokeTestMethods(Invoker.java:989)
at org.testng.internal.TestMethodWorker.invokeTestMethods(TestMethodWorker.java:125)
at org.testng.internal.TestMethodWorker.run(TestMethodWorker.java:109)
at org.testng.TestRunner.privateRun(TestRunner.java:648)
at org.testng.TestRunner.run(TestRunner.java:505)
at org.testng.SuiteRunner.runTest(SuiteRunner.java:455)
at org.testng.SuiteRunner.runSequentially(SuiteRunner.java:450)
at org.testng.SuiteRunner.privateRun(SuiteRunner.java:415)
at org.testng.SuiteRunner.run(SuiteRunner.java:364)
at org.testng.SuiteRunnerWorker.runSuite(SuiteRunnerWorker.java:52)
at org.testng.SuiteRunnerWorker.run(SuiteRunnerWorker.java:84)
at org.testng.TestNG.runSuitesSequentially(TestNG.java:1208)
at org.testng.TestNG.runSuitesSequentially(TestNG.java:1204)
at org.testng.TestNG.runSuitesLocally(TestNG.java:1137)
at org.testng.TestNG.runSuites(TestNG.java:1049)
at org.testng.TestNG.run(TestNG.java:1017)
at org.apache.maven.surefire.testng.TestNGExecutor.run(TestNGExecutor.java:283)
at org.apache.maven.surefire.testng.TestNGXmlTestSuite.execute(TestNGXmlTestSuite.java:75)
at org.apache.maven.surefire.testng.TestNGProvider.invoke(TestNGProvider.java:120)
at org.apache.maven.surefire.booter.ForkedBooter.invokeProviderInSameClassLoader(ForkedBooter.java:386)
at org.apache.maven.surefire.booter.ForkedBooter.runSuitesInProcess(ForkedBooter.java:323)
at org.apache.maven.surefire.booter.ForkedBooter.main(ForkedBooter.java:143)
]]>
            </full-stacktrace>
          </exception> <!-- org.openqa.selenium.StaleElementReferenceException -->
          <reporter-output>
          </reporter-output>
        </test-method> <!-- RatingModuleTCNo4 -->
        <test-method status="PASS" signature="runAfterMethod(org.testng.ITestResult)[pri:0, instance:tests.TM_RatingModule@6865c751]" name="runAfterMethod" is-config="true" duration-ms="8700" started-at="2018-10-31T09:15:10Z" finished-at="2018-10-31T09:15:19Z">
          <params>
            <param index="0">
              <value>
                <![CDATA[[TestResult name=RatingModuleTCNo4 status=FAILURE method=TM_RatingModule.RatingModuleTCNo4()[pri:0, instance:tests.TM_RatingModule@6865c751] output={null}]]]>
              </value>
            </param>
          </params>
          <reporter-output>
          </reporter-output>
        </test-method> <!-- runAfterMethod -->
        <test-method status="FAIL" signature="RatingModuleTCNo5()[pri:0, instance:tests.TM_RatingModule@6865c751]" name="RatingModuleTCNo5" duration-ms="36236" started-at="2018-10-31T09:15:19Z" finished-at="2018-10-31T09:15:55Z">
          <exception class="org.openqa.selenium.TimeoutException">
            <message>
              <![CDATA[Expected condition failed: waiting for visibility of Located by By.chained({By.id: tv_top_story_title}) (tried for 30 second(s) with 500 milliseconds interval)]]>
            </message>
            <full-stacktrace>
              <![CDATA[org.openqa.selenium.TimeoutException: Expected condition failed: waiting for visibility of Located by By.chained({By.id: tv_top_story_title}) (tried for 30 second(s) with 500 milliseconds interval)
at org.openqa.selenium.support.ui.WebDriverWait.timeoutException(WebDriverWait.java:81)
at org.openqa.selenium.support.ui.FluentWait.until(FluentWait.java:271)
at pages.BasePage.waitForVisibilityOf(BasePage.java:72)
at pages.RatingModule.TestCaseNo5(RatingModule.java:138)
at tests.TM_RatingModule.RatingModuleTCNo5(TM_RatingModule.java:28)
at sun.reflect.NativeMethodAccessorImpl.invoke0(Native Method)
at sun.reflect.NativeMethodAccessorImpl.invoke(NativeMethodAccessorImpl.java:62)
at sun.reflect.DelegatingMethodAccessorImpl.invoke(DelegatingMethodAccessorImpl.java:43)
at java.lang.reflect.Method.invoke(Method.java:498)
at org.testng.internal.MethodInvocationHelper.invokeMethod(MethodInvocationHelper.java:124)
at org.testng.internal.Invoker.invokeMethod(Invoker.java:583)
at org.testng.internal.Invoker.invokeTestMethod(Invoker.java:719)
at org.testng.internal.Invoker.invokeTestMethods(Invoker.java:989)
at org.testng.internal.TestMethodWorker.invokeTestMethods(TestMethodWorker.java:125)
at org.testng.internal.TestMethodWorker.run(TestMethodWorker.java:109)
at org.testng.TestRunner.privateRun(TestRunner.java:648)
at org.testng.TestRunner.run(TestRunner.java:505)
at org.testng.SuiteRunner.runTest(SuiteRunner.java:455)
at org.testng.SuiteRunner.runSequentially(SuiteRunner.java:450)
at org.testng.SuiteRunner.privateRun(SuiteRunner.java:415)
at org.testng.SuiteRunner.run(SuiteRunner.java:364)
at org.testng.SuiteRunnerWorker.runSuite(SuiteRunnerWorker.java:52)
at org.testng.SuiteRunnerWorker.run(SuiteRunnerWorker.java:84)
at org.testng.TestNG.runSuitesSequentially(TestNG.java:1208)
at org.testng.TestNG.runSuitesSequentially(TestNG.java:1204)
at org.testng.TestNG.runSuitesLocally(TestNG.java:1137)
at org.testng.TestNG.runSuites(TestNG.java:1049)
at org.testng.TestNG.run(TestNG.java:1017)
at org.apache.maven.surefire.testng.TestNGExecutor.run(TestNGExecutor.java:283)
at org.apache.maven.surefire.testng.TestNGXmlTestSuite.execute(TestNGXmlTestSuite.java:75)
at org.apache.maven.surefire.testng.TestNGProvider.invoke(TestNGProvider.java:120)
at org.apache.maven.surefire.booter.ForkedBooter.invokeProviderInSameClassLoader(ForkedBooter.java:386)
at org.apache.maven.surefire.booter.ForkedBooter.runSuitesInProcess(ForkedBooter.java:323)
at org.apache.maven.surefire.booter.ForkedBooter.main(ForkedBooter.java:143)
Caused by: org.openqa.selenium.NoSuchElementException: Can't locate an element by this strategy: By.chained({By.id: tv_top_story_title})
at io.appium.java_client.pagefactory.AppiumElementLocator.findElement(AppiumElementLocator.java:126)
at io.appium.java_client.pagefactory.interceptors.InterceptorOfASingleElement.intercept(InterceptorOfASingleElement.java:60)
at io.appium.java_client.android.AndroidElement$$EnhancerByCGLIB$$b598166c.isDisplayed(<generated>)
at org.openqa.selenium.support.ui.ExpectedConditions.elementIfVisible(ExpectedConditions.java:315)
at org.openqa.selenium.support.ui.ExpectedConditions.access$100(ExpectedConditions.java:44)
at org.openqa.selenium.support.ui.ExpectedConditions$10.apply(ExpectedConditions.java:301)
at org.openqa.selenium.support.ui.ExpectedConditions$10.apply(ExpectedConditions.java:298)
at org.openqa.selenium.support.ui.FluentWait.until(FluentWait.java:248)
... 32 more
Caused by: org.openqa.selenium.TimeoutException: Expected condition failed: waiting for io.appium.java_client.pagefactory.AppiumElementLocator$WaitingFunction@711ce989 (tried for 1 second(s) with 500 milliseconds interval)
at org.openqa.selenium.support.ui.FluentWait.timeoutException(FluentWait.java:303)
at org.openqa.selenium.support.ui.FluentWait.until(FluentWait.java:271)
at io.appium.java_client.pagefactory.AppiumElementLocator.waitFor(AppiumElementLocator.java:99)
at io.appium.java_client.pagefactory.AppiumElementLocator.findElement(AppiumElementLocator.java:119)
... 39 more
Caused by: org.openqa.selenium.NoSuchElementException: Cannot locate an element using By.chained({By.id: tv_top_story_title})
For documentation on this error, please visit: http://seleniumhq.org/exceptions/no_such_element.html
Build info: version: '3.12.0', revision: '7c6e0b3', time: '2018-05-08T14:04:26.12Z'
System info: host: 'LAPTOP057', ip: '172.16.0.105', os.name: 'Windows 10', os.arch: 'amd64', os.version: '10.0', java.version: '1.8.0_131'
Driver info: driver.version: AndroidDriver
at io.appium.java_client.pagefactory.bys.builder.ByChained.findElement(ByChained.java:74)
at org.openqa.selenium.remote.RemoteWebDriver.findElement(RemoteWebDriver.java:309)
at io.appium.java_client.DefaultGenericMobileDriver.findElement(DefaultGenericMobileDriver.java:58)
at io.appium.java_client.AppiumDriver.findElement(AppiumDriver.java:1)
at io.appium.java_client.android.AndroidDriver.findElement(AndroidDriver.java:1)
at io.appium.java_client.pagefactory.bys.ContentMappedBy.findElement(ContentMappedBy.java:50)
at org.openqa.selenium.remote.RemoteWebDriver.findElement(RemoteWebDriver.java:309)
at io.appium.java_client.DefaultGenericMobileDriver.findElement(DefaultGenericMobileDriver.java:58)
at io.appium.java_client.AppiumDriver.findElement(AppiumDriver.java:1)
at io.appium.java_client.android.AndroidDriver.findElement(AndroidDriver.java:1)
at io.appium.java_client.pagefactory.AppiumElementLocator.lambda$0(AppiumElementLocator.java:120)
at io.appium.java_client.pagefactory.AppiumElementLocator$WaitingFunction.apply(AppiumElementLocator.java:172)
at io.appium.java_client.pagefactory.AppiumElementLocator$WaitingFunction.apply(AppiumElementLocator.java:1)
at org.openqa.selenium.support.ui.FluentWait.until(FluentWait.java:248)
... 41 more
]]>
            </full-stacktrace>
          </exception> <!-- org.openqa.selenium.TimeoutException -->
          <reporter-output>
          </reporter-output>
        </test-method> <!-- RatingModuleTCNo5 -->
        <test-method status="PASS" signature="runAfterMethod(org.testng.ITestResult)[pri:0, instance:tests.TM_RatingModule@6865c751]" name="runAfterMethod" is-config="true" duration-ms="11928" started-at="2018-10-31T09:15:55Z" finished-at="2018-10-31T09:16:07Z">
          <params>
            <param index="0">
              <value>
                <![CDATA[[TestResult name=RatingModuleTCNo5 status=FAILURE method=TM_RatingModule.RatingModuleTCNo5()[pri:0, instance:tests.TM_RatingModule@6865c751] output={null}]]]>
              </value>
            </param>
          </params>
          <reporter-output>
          </reporter-output>
        </test-method> <!-- runAfterMethod -->
        <test-method status="PASS" signature="tearDown()[pri:0, instance:tests.TM_RatingModule@6865c751]" name="tearDown" is-config="true" duration-ms="11075" started-at="2018-10-31T09:16:07Z" finished-at="2018-10-31T09:16:18Z">
          <reporter-output>
          </reporter-output>
        </test-method> <!-- tearDown -->
      </class> <!-- tests.TM_RatingModule -->
    </test> <!-- RatingModuleTest -->
  </suite> <!-- RatingModuleSuite -->
  <suite name="ArticlePageSuite" duration-ms="310569" started-at="2018-10-31T08:50:08Z" finished-at="2018-10-31T08:55:18Z">
    <groups>
    </groups>
    <test name="ArticlePageTest" duration-ms="310569" started-at="2018-10-31T08:50:08Z" finished-at="2018-10-31T08:55:18Z">
      <class name="tests.TM_ArticlePage">
        <test-method status="PASS" signature="setUp(org.testng.ITestContext)[pri:0, instance:tests.TM_ArticlePage@fd46303]" name="setUp" is-config="true" duration-ms="65248" started-at="2018-10-31T08:50:08Z" finished-at="2018-10-31T08:51:13Z">
          <params>
            <param index="0">
              <value>
                <![CDATA[org.testng.TestRunner@6b0c2eec]]>
              </value>
            </param>
          </params>
          <reporter-output>
          </reporter-output>
        </test-method> <!-- setUp -->
        <test-method status="PASS" signature="ArticleTCNo1()[pri:0, instance:tests.TM_ArticlePage@fd46303]" name="ArticleTCNo1" duration-ms="11243" started-at="2018-10-31T08:51:13Z" finished-at="2018-10-31T08:51:24Z">
          <reporter-output>
          </reporter-output>
        </test-method> <!-- ArticleTCNo1 -->
        <test-method status="PASS" signature="runAfterMethod(org.testng.ITestResult)[pri:0, instance:tests.TM_ArticlePage@fd46303]" name="runAfterMethod" is-config="true" duration-ms="3525" started-at="2018-10-31T08:51:24Z" finished-at="2018-10-31T08:51:28Z">
          <params>
            <param index="0">
              <value>
                <![CDATA[[TestResult name=ArticleTCNo1 status=SUCCESS method=TM_ArticlePage.ArticleTCNo1()[pri:0, instance:tests.TM_ArticlePage@fd46303] output={null}]]]>
              </value>
            </param>
          </params>
          <reporter-output>
          </reporter-output>
        </test-method> <!-- runAfterMethod -->
        <test-method status="PASS" signature="ArticleTCNo30()[pri:0, instance:tests.TM_ArticlePage@fd46303]" name="ArticleTCNo30" duration-ms="109810" started-at="2018-10-31T08:51:28Z" finished-at="2018-10-31T08:53:17Z">
          <reporter-output>
          </reporter-output>
        </test-method> <!-- ArticleTCNo30 -->
        <test-method status="PASS" signature="runAfterMethod(org.testng.ITestResult)[pri:0, instance:tests.TM_ArticlePage@fd46303]" name="runAfterMethod" is-config="true" duration-ms="3311" started-at="2018-10-31T08:53:17Z" finished-at="2018-10-31T08:53:21Z">
          <params>
            <param index="0">
              <value>
                <![CDATA[[TestResult name=ArticleTCNo30 status=SUCCESS method=TM_ArticlePage.ArticleTCNo30()[pri:0, instance:tests.TM_ArticlePage@fd46303] output={null}]]]>
              </value>
            </param>
          </params>
          <reporter-output>
          </reporter-output>
        </test-method> <!-- runAfterMethod -->
        <test-method status="FAIL" signature="ArticleTCNo4()[pri:0, instance:tests.TM_ArticlePage@fd46303]" name="ArticleTCNo4" duration-ms="14522" started-at="2018-10-31T08:53:21Z" finished-at="2018-10-31T08:53:35Z">
          <exception class="java.lang.AssertionError">
            <message>
              <![CDATA[expected [true] but found [false]]]>
            </message>
            <full-stacktrace>
              <![CDATA[java.lang.AssertionError: expected [true] but found [false]
at org.testng.Assert.fail(Assert.java:96)
at org.testng.Assert.failNotEquals(Assert.java:776)
at org.testng.Assert.assertTrue(Assert.java:44)
at org.testng.Assert.assertTrue(Assert.java:54)
at pages.ArticlePage.TestCaseNo4(ArticlePage.java:47)
at tests.TM_ArticlePage.ArticleTCNo4(TM_ArticlePage.java:18)
at sun.reflect.NativeMethodAccessorImpl.invoke0(Native Method)
at sun.reflect.NativeMethodAccessorImpl.invoke(NativeMethodAccessorImpl.java:62)
at sun.reflect.DelegatingMethodAccessorImpl.invoke(DelegatingMethodAccessorImpl.java:43)
at java.lang.reflect.Method.invoke(Method.java:498)
at org.testng.internal.MethodInvocationHelper.invokeMethod(MethodInvocationHelper.java:124)
at org.testng.internal.Invoker.invokeMethod(Invoker.java:583)
at org.testng.internal.Invoker.invokeTestMethod(Invoker.java:719)
at org.testng.internal.Invoker.invokeTestMethods(Invoker.java:989)
at org.testng.internal.TestMethodWorker.invokeTestMethods(TestMethodWorker.java:125)
at org.testng.internal.TestMethodWorker.run(TestMethodWorker.java:109)
at org.testng.TestRunner.privateRun(TestRunner.java:648)
at org.testng.TestRunner.run(TestRunner.java:505)
at org.testng.SuiteRunner.runTest(SuiteRunner.java:455)
at org.testng.SuiteRunner.runSequentially(SuiteRunner.java:450)
at org.testng.SuiteRunner.privateRun(SuiteRunner.java:415)
at org.testng.SuiteRunner.run(SuiteRunner.java:364)
at org.testng.SuiteRunnerWorker.runSuite(SuiteRunnerWorker.java:52)
at org.testng.SuiteRunnerWorker.run(SuiteRunnerWorker.java:84)
at org.testng.TestNG.runSuitesSequentially(TestNG.java:1208)
at org.testng.TestNG.runSuitesSequentially(TestNG.java:1204)
at org.testng.TestNG.runSuitesLocally(TestNG.java:1137)
at org.testng.TestNG.runSuites(TestNG.java:1049)
at org.testng.TestNG.run(TestNG.java:1017)
at org.apache.maven.surefire.testng.TestNGExecutor.run(TestNGExecutor.java:283)
at org.apache.maven.surefire.testng.TestNGXmlTestSuite.execute(TestNGXmlTestSuite.java:75)
at org.apache.maven.surefire.testng.TestNGProvider.invoke(TestNGProvider.java:120)
at org.apache.maven.surefire.booter.ForkedBooter.invokeProviderInSameClassLoader(ForkedBooter.java:386)
at org.apache.maven.surefire.booter.ForkedBooter.runSuitesInProcess(ForkedBooter.java:323)
at org.apache.maven.surefire.booter.ForkedBooter.main(ForkedBooter.java:143)
]]>
            </full-stacktrace>
          </exception> <!-- java.lang.AssertionError -->
          <reporter-output>
          </reporter-output>
        </test-method> <!-- ArticleTCNo4 -->
        <test-method status="PASS" signature="runAfterMethod(org.testng.ITestResult)[pri:0, instance:tests.TM_ArticlePage@fd46303]" name="runAfterMethod" is-config="true" duration-ms="11267" started-at="2018-10-31T08:53:35Z" finished-at="2018-10-31T08:53:46Z">
          <params>
            <param index="0">
              <value>
                <![CDATA[[TestResult name=ArticleTCNo4 status=FAILURE method=TM_ArticlePage.ArticleTCNo4()[pri:0, instance:tests.TM_ArticlePage@fd46303] output={null}]]]>
              </value>
            </param>
          </params>
          <reporter-output>
          </reporter-output>
        </test-method> <!-- runAfterMethod -->
        <test-method status="PASS" signature="ArticleTCNo5()[pri:0, instance:tests.TM_ArticlePage@fd46303]" name="ArticleTCNo5" duration-ms="76291" started-at="2018-10-31T08:53:47Z" finished-at="2018-10-31T08:55:03Z">
          <reporter-output>
          </reporter-output>
        </test-method> <!-- ArticleTCNo5 -->
        <test-method status="PASS" signature="runAfterMethod(org.testng.ITestResult)[pri:0, instance:tests.TM_ArticlePage@fd46303]" name="runAfterMethod" is-config="true" duration-ms="4095" started-at="2018-10-31T08:55:03Z" finished-at="2018-10-31T08:55:07Z">
          <params>
            <param index="0">
              <value>
                <![CDATA[[TestResult name=ArticleTCNo5 status=SUCCESS method=TM_ArticlePage.ArticleTCNo5()[pri:0, instance:tests.TM_ArticlePage@fd46303] output={null}]]]>
              </value>
            </param>
          </params>
          <reporter-output>
          </reporter-output>
        </test-method> <!-- runAfterMethod -->
        <test-method status="PASS" signature="tearDown()[pri:0, instance:tests.TM_ArticlePage@fd46303]" name="tearDown" is-config="true" duration-ms="11191" started-at="2018-10-31T08:55:07Z" finished-at="2018-10-31T08:55:18Z">
          <reporter-output>
          </reporter-output>
        </test-method> <!-- tearDown -->
      </class> <!-- tests.TM_ArticlePage -->
    </test> <!-- ArticlePageTest -->
  </suite> <!-- ArticlePageSuite -->
</testng-results>
